#
# There is insufficient memory for the Java Runtime Environment to continue.
# Native memory allocation (malloc) failed to allocate 293456 bytes. Error detail: Chunk::new
# Possible reasons:
#   The system is out of physical RAM or swap space
#   This process is running with CompressedOops enabled, and the Java Heap may be blocking the growth of the native heap
# Possible solutions:
#   Reduce memory load on the system
#   Increase physical memory or swap space
#   Check if swap backing store is full
#   Decrease Java heap size (-Xmx/-Xms)
#   Decrease number of Java threads
#   Decrease Java thread stack sizes (-Xss)
#   Set larger code cache with -XX:ReservedCodeCacheSize=
#   JVM is running with Unscaled Compressed Oops mode in which the Java heap is
#     placed in the first 4GB address space. The Java Heap base address is the
#     maximum limit for the native heap growth. Please use -XX:HeapBaseMinAddress
#     to set the Java Heap base and to place the Java Heap above 4GB virtual address.
# This output file may be truncated or incomplete.
#
#  Out of Memory Error (arena.cpp:191), pid=15176, tid=13584
#
# JRE version: OpenJDK Runtime Environment Microsoft-13877129 (17.0.19+10) (build 17.0.19+10-LTS)
# Java VM: OpenJDK 64-Bit Server VM Microsoft-13877129 (17.0.19+10-LTS, mixed mode, sharing, tiered, compressed oops, compressed class ptrs, g1 gc, windows-amd64)
# No core dump will be written. Minidumps are not enabled by default on client versions of Windows
#

---------------  S U M M A R Y ------------

Command Line: -DkotlinLanguageServer.version=1.3.13 org.javacs.kt.MainKt

Host: Intel(R) Core(TM) i7-8650U CPU @ 1.90GHz, 8 cores, 7G,  Windows 11 , 64 bit Build 26100 (10.0.26100.8521)
Time: Thu Jul 16 07:34:06 2026 India Standard Time elapsed time: 45.816335 seconds (0d 0h 0m 45s)

---------------  T H R E A D  ---------------

Current thread (0x0000020bad1c41c0):  JavaThread "C2 CompilerThread1" daemon [_thread_in_native, id=13584, stack(0x000000fdb7100000,0x000000fdb7200000)]


Current CompileTask:
C2:45816 11988       4       org.jetbrains.kotlin.name.ClassId$Companion::fromString (158 bytes)

Stack: [0x000000fdb7100000,0x000000fdb7200000]
Native frames: (J=compiled Java code, j=interpreted, Vv=VM code, C=native code)
V  [jvm.dll+0x68cc89]  (no source info available)
V  [jvm.dll+0x845d89]  (no source info available)
V  [jvm.dll+0x847af8]  (no source info available)
V  [jvm.dll+0x848183]  (no source info available)
V  [jvm.dll+0x24d0bf]  (no source info available)
V  [jvm.dll+0xaed56]  (no source info available)
V  [jvm.dll+0xaf3fc]  (no source info available)
V  [jvm.dll+0x37186f]  (no source info available)
V  [jvm.dll+0x1c07d3]  (no source info available)
V  [jvm.dll+0x21e120]  (no source info available)
V  [jvm.dll+0x21d412]  (no source info available)
V  [jvm.dll+0x1a8db6]  (no source info available)
V  [jvm.dll+0x22dc6b]  (no source info available)
V  [jvm.dll+0x22bdf6]  (no source info available)
V  [jvm.dll+0x7fbecb]  (no source info available)
V  [jvm.dll+0x7f62cc]  (no source info available)
V  [jvm.dll+0x68e227]  (no source info available)
C  [ucrtbase.dll+0x2cd30]  (no source info available)
C  [KERNEL32.DLL+0x2e957]  (no source info available)
C  [ntdll.dll+0x87c1c]  (no source info available)


---------------  P R O C E S S  ---------------

Threads class SMR info:
_java_thread_list=0x0000020bfc5d9e20, length=18, elements={
0x0000020bad09fec0, 0x0000020bad0a3400, 0x0000020bad0bc760, 0x0000020bad0bf130,
0x0000020bad0bfaf0, 0x0000020bad0c04b0, 0x0000020bad0c11a0, 0x0000020bad0c3df0,
0x0000020bad13a7e0, 0x0000020bad1ff3d0, 0x0000020bad210b90, 0x0000020bf3c66ec0,
0x0000020b8ed294e0, 0x0000020bfc42a1a0, 0x0000020bfc0b13b0, 0x0000020bf3950380,
0x0000020bad311100, 0x0000020bad1c41c0
}

Java Threads: ( => current thread )
  0x0000020bad09fec0 JavaThread "Reference Handler" daemon [_thread_blocked, id=18104, stack(0x000000fdb5800000,0x000000fdb5900000)]
  0x0000020bad0a3400 JavaThread "Finalizer" daemon [_thread_blocked, id=19312, stack(0x000000fdb5900000,0x000000fdb5a00000)]
  0x0000020bad0bc760 JavaThread "Signal Dispatcher" daemon [_thread_blocked, id=17784, stack(0x000000fdb5a00000,0x000000fdb5b00000)]
  0x0000020bad0bf130 JavaThread "Attach Listener" daemon [_thread_blocked, id=15184, stack(0x000000fdb5b00000,0x000000fdb5c00000)]
  0x0000020bad0bfaf0 JavaThread "Service Thread" daemon [_thread_blocked, id=17852, stack(0x000000fdb5c00000,0x000000fdb5d00000)]
  0x0000020bad0c04b0 JavaThread "Monitor Deflation Thread" daemon [_thread_blocked, id=9308, stack(0x000000fdb5d00000,0x000000fdb5e00000)]
  0x0000020bad0c11a0 JavaThread "C2 CompilerThread0" daemon [_thread_in_vm, id=10268, stack(0x000000fdb5e00000,0x000000fdb5f00000)]
  0x0000020bad0c3df0 JavaThread "C1 CompilerThread0" daemon [_thread_blocked, id=17644, stack(0x000000fdb5f00000,0x000000fdb6000000)]
  0x0000020bad13a7e0 JavaThread "Sweeper thread" daemon [_thread_blocked, id=16488, stack(0x000000fdb6000000,0x000000fdb6100000)]
  0x0000020bad1ff3d0 JavaThread "Notification Thread" daemon [_thread_blocked, id=19872, stack(0x000000fdb6100000,0x000000fdb6200000)]
  0x0000020bad210b90 JavaThread "Common-Cleaner" daemon [_thread_blocked, id=15588, stack(0x000000fdb6300000,0x000000fdb6400000)]
  0x0000020bf3c66ec0 JavaThread "client" [_thread_in_native, id=6872, stack(0x000000fdb6a00000,0x000000fdb6b00000)]
  0x0000020b8ed294e0 JavaThread "DestroyJavaVM" [_thread_blocked, id=9644, stack(0x000000fdb5100000,0x000000fdb5200000)]
  0x0000020bfc42a1a0 JavaThread "async0" [_thread_blocked, id=3316, stack(0x000000fdb6d00000,0x000000fdb6e00000)]
  0x0000020bfc0b13b0 JavaThread "async1" [_thread_blocked, id=6032, stack(0x000000fdb6e00000,0x000000fdb6f00000)]
  0x0000020bf3950380 JavaThread "debounce0" [_thread_in_Java, id=4532, stack(0x000000fdb6f00000,0x000000fdb7000000)]
  0x0000020bad311100 JavaThread "async2" [_thread_in_native, id=5812, stack(0x000000fdb7300000,0x000000fdb7400000)]
=>0x0000020bad1c41c0 JavaThread "C2 CompilerThread1" daemon [_thread_in_native, id=13584, stack(0x000000fdb7100000,0x000000fdb7200000)]

Other Threads:
  0x0000020bad09b670 VMThread "VM Thread" [stack: 0x000000fdb5700000,0x000000fdb5800000] [id=20132]
  0x0000020bad1ff8b0 WatcherThread [stack: 0x000000fdb6200000,0x000000fdb6300000] [id=2652]
  0x0000020b8ed851f0 GCTaskThread "GC Thread#0" [stack: 0x000000fdb5200000,0x000000fdb5300000] [id=6584]
  0x0000020bada0e330 GCTaskThread "GC Thread#1" [stack: 0x000000fdb6400000,0x000000fdb6500000] [id=19700]
  0x0000020bada4dea0 GCTaskThread "GC Thread#2" [stack: 0x000000fdb6500000,0x000000fdb6600000] [id=19236]
  0x0000020bada1e040 GCTaskThread "GC Thread#3" [stack: 0x000000fdb6600000,0x000000fdb6700000] [id=16580]
  0x0000020badaac8d0 GCTaskThread "GC Thread#4" [stack: 0x000000fdb6700000,0x000000fdb6800000] [id=14092]
  0x0000020bad9376f0 GCTaskThread "GC Thread#5" [stack: 0x000000fdb6800000,0x000000fdb6900000] [id=2972]
  0x0000020bad937c90 GCTaskThread "GC Thread#6" [stack: 0x000000fdb6900000,0x000000fdb6a00000] [id=1944]
  0x0000020bad937420 GCTaskThread "GC Thread#7" [stack: 0x000000fdb6b00000,0x000000fdb6c00000] [id=12740]
  0x0000020b8ed95c50 ConcurrentGCThread "G1 Main Marker" [stack: 0x000000fdb5300000,0x000000fdb5400000] [id=6200]
  0x0000020b8ed96670 ConcurrentGCThread "G1 Conc#0" [stack: 0x000000fdb5400000,0x000000fdb5500000] [id=10028]
  0x0000020bad936bb0 ConcurrentGCThread "G1 Conc#1" [stack: 0x000000fdb6c00000,0x000000fdb6d00000] [id=20236]
  0x0000020b8edbe820 ConcurrentGCThread "G1 Refine#0" [stack: 0x000000fdb5500000,0x000000fdb5600000] [id=17716]
  0x0000020bf41226d0 ConcurrentGCThread "G1 Refine#1" [stack: 0x000000fdb7000000,0x000000fdb7100000] [id=14176]
  0x0000020bfd010d80 ConcurrentGCThread "G1 Refine#2" [stack: 0x000000fdb7500000,0x000000fdb7600000] [id=17884]
  0x0000020bacf50160 ConcurrentGCThread "G1 Service" [stack: 0x000000fdb5600000,0x000000fdb5700000] [id=7032]

Threads with active compile tasks:
C2 CompilerThread0  46699 12006       4       org.jetbrains.kotlin.metadata.jvm.deserialization.ModuleMapping$Companion::loadModuleMapping (1030 bytes)
C2 CompilerThread1  46699 11988       4       org.jetbrains.kotlin.name.ClassId$Companion::fromString (158 bytes)

VM state: not at safepoint (normal execution)

VM Mutex/Monitor currently owned by a thread: None

Heap address: 0x0000000082800000, size: 2008 MB, Compressed Oops mode: 32-bit

CDS archive(s) mapped at: [0x0000020bae000000-0x0000020baebb0000-0x0000020baebb0000), size 12255232, SharedBaseAddress: 0x0000020bae000000, ArchiveRelocationMode: 1.
Compressed class space mapped at: 0x0000020baf000000-0x0000020bef000000, reserved size: 1073741824
Narrow klass base: 0x0000020bae000000, Narrow klass shift: 0, Narrow klass range: 0x100000000

GC Precious Log:
 CPUs: 8 total, 8 available
 Memory: 8030M
 Large Page Support: Disabled
 NUMA Support: Disabled
 Compressed Oops: Enabled (32-bit)
 Heap Region Size: 1M
 Heap Min Capacity: 8M
 Heap Initial Capacity: 126M
 Heap Max Capacity: 2008M
 Pre-touch: Disabled
 Parallel Workers: 8
 Concurrent Workers: 2
 Concurrent Refinement Workers: 8
 Periodic GC: Disabled

Heap:
 garbage-first heap   total 249856K, used 177720K [0x0000000082800000, 0x0000000100000000)
  region size 1024K, 83 young (84992K), 12 survivors (12288K)
 Metaspace       used 74146K, committed 74816K, reserved 1179648K
  class space    used 8545K, committed 8896K, reserved 1048576K

Heap Regions: E=young(eden), S=young(survivor), O=old, HS=humongous(starts), HC=humongous(continues), CS=collection set, F=free, OA=open archive, CA=closed archive, TAMS=top-at-mark-start (previous, next)
|   0|0x0000000082800000, 0x0000000082900000, 0x0000000082900000|100%|HS|  |TAMS 0x0000000082900000, 0x0000000082800000| Complete 
|   1|0x0000000082900000, 0x0000000082a00000, 0x0000000082a00000|100%|HC|  |TAMS 0x0000000082a00000, 0x0000000082900000| Complete 
|   2|0x0000000082a00000, 0x0000000082b00000, 0x0000000082b00000|100%|HC|  |TAMS 0x0000000082b00000, 0x0000000082a00000| Complete 
|   3|0x0000000082b00000, 0x0000000082c00000, 0x0000000082c00000|100%|HC|  |TAMS 0x0000000082c00000, 0x0000000082b00000| Complete 
|   4|0x0000000082c00000, 0x0000000082d00000, 0x0000000082d00000|100%| O|  |TAMS 0x0000000082d00000, 0x0000000082c00000| Untracked 
|   5|0x0000000082d00000, 0x0000000082e00000, 0x0000000082e00000|100%| O|  |TAMS 0x0000000082e00000, 0x0000000082d00000| Untracked 
|   6|0x0000000082e00000, 0x0000000082f00000, 0x0000000082f00000|100%| O|  |TAMS 0x0000000082f00000, 0x0000000082e00000| Untracked 
|   7|0x0000000082f00000, 0x0000000083000000, 0x0000000083000000|100%| O|  |TAMS 0x0000000083000000, 0x0000000082f00000| Untracked 
|   8|0x0000000083000000, 0x0000000083100000, 0x0000000083100000|100%| O|  |TAMS 0x0000000083100000, 0x0000000083000000| Untracked 
|   9|0x0000000083100000, 0x0000000083200000, 0x0000000083200000|100%| O|  |TAMS 0x0000000083200000, 0x0000000083100000| Untracked 
|  10|0x0000000083200000, 0x0000000083300000, 0x0000000083300000|100%| O|  |TAMS 0x0000000083300000, 0x0000000083200000| Untracked 
|  11|0x0000000083300000, 0x0000000083400000, 0x0000000083400000|100%| O|  |TAMS 0x0000000083400000, 0x0000000083300000| Untracked 
|  12|0x0000000083400000, 0x0000000083500000, 0x0000000083500000|100%| O|  |TAMS 0x0000000083500000, 0x0000000083400000| Untracked 
|  13|0x0000000083500000, 0x0000000083600000, 0x0000000083600000|100%| O|  |TAMS 0x0000000083600000, 0x0000000083500000| Untracked 
|  14|0x0000000083600000, 0x0000000083700000, 0x0000000083700000|100%| O|  |TAMS 0x0000000083700000, 0x0000000083600000| Untracked 
|  15|0x0000000083700000, 0x0000000083800000, 0x0000000083800000|100%| O|  |TAMS 0x0000000083800000, 0x0000000083700000| Untracked 
|  16|0x0000000083800000, 0x0000000083900000, 0x0000000083900000|100%| O|  |TAMS 0x0000000083900000, 0x0000000083800000| Untracked 
|  17|0x0000000083900000, 0x0000000083a00000, 0x0000000083a00000|100%| O|  |TAMS 0x0000000083a00000, 0x0000000083900000| Untracked 
|  18|0x0000000083a00000, 0x0000000083b00000, 0x0000000083b00000|100%| O|  |TAMS 0x0000000083b00000, 0x0000000083a00000| Untracked 
|  19|0x0000000083b00000, 0x0000000083c00000, 0x0000000083c00000|100%| O|  |TAMS 0x0000000083c00000, 0x0000000083b00000| Untracked 
|  20|0x0000000083c00000, 0x0000000083d00000, 0x0000000083d00000|100%| O|  |TAMS 0x0000000083d00000, 0x0000000083c00000| Untracked 
|  21|0x0000000083d00000, 0x0000000083e00000, 0x0000000083e00000|100%| O|  |TAMS 0x0000000083e00000, 0x0000000083d00000| Untracked 
|  22|0x0000000083e00000, 0x0000000083f00000, 0x0000000083f00000|100%| O|  |TAMS 0x0000000083f00000, 0x0000000083e00000| Untracked 
|  23|0x0000000083f00000, 0x0000000084000000, 0x0000000084000000|100%| O|  |TAMS 0x0000000084000000, 0x0000000083f00000| Untracked 
|  24|0x0000000084000000, 0x0000000084100000, 0x0000000084100000|100%| O|  |TAMS 0x0000000084100000, 0x0000000084000000| Untracked 
|  25|0x0000000084100000, 0x0000000084200000, 0x0000000084200000|100%| O|  |TAMS 0x0000000084200000, 0x0000000084100000| Untracked 
|  26|0x0000000084200000, 0x0000000084300000, 0x0000000084300000|100%| O|  |TAMS 0x0000000084300000, 0x0000000084200000| Untracked 
|  27|0x0000000084300000, 0x0000000084400000, 0x0000000084400000|100%| O|  |TAMS 0x0000000084400000, 0x0000000084300000| Untracked 
|  28|0x0000000084400000, 0x0000000084500000, 0x0000000084500000|100%| O|  |TAMS 0x0000000084500000, 0x0000000084400000| Untracked 
|  29|0x0000000084500000, 0x0000000084600000, 0x0000000084600000|100%| O|  |TAMS 0x0000000084600000, 0x0000000084500000| Untracked 
|  30|0x0000000084600000, 0x0000000084700000, 0x0000000084700000|100%| O|  |TAMS 0x0000000084700000, 0x0000000084600000| Untracked 
|  31|0x0000000084700000, 0x0000000084800000, 0x0000000084800000|100%| O|  |TAMS 0x0000000084800000, 0x0000000084700000| Untracked 
|  32|0x0000000084800000, 0x0000000084900000, 0x0000000084900000|100%| O|  |TAMS 0x0000000084900000, 0x0000000084800000| Untracked 
|  33|0x0000000084900000, 0x0000000084a00000, 0x0000000084a00000|100%| O|  |TAMS 0x0000000084a00000, 0x0000000084900000| Untracked 
|  34|0x0000000084a00000, 0x0000000084b00000, 0x0000000084b00000|100%| O|  |TAMS 0x0000000084b00000, 0x0000000084a00000| Untracked 
|  35|0x0000000084b00000, 0x0000000084c00000, 0x0000000084c00000|100%| O|  |TAMS 0x0000000084c00000, 0x0000000084b00000| Untracked 
|  36|0x0000000084c00000, 0x0000000084d00000, 0x0000000084d00000|100%| O|  |TAMS 0x0000000084d00000, 0x0000000084c00000| Untracked 
|  37|0x0000000084d00000, 0x0000000084e00000, 0x0000000084e00000|100%|HS|  |TAMS 0x0000000084e00000, 0x0000000084d00000| Complete 
|  38|0x0000000084e00000, 0x0000000084f00000, 0x0000000084f00000|100%|HC|  |TAMS 0x0000000084f00000, 0x0000000084e00000| Complete 
|  39|0x0000000084f00000, 0x0000000085000000, 0x0000000085000000|100%| O|  |TAMS 0x0000000085000000, 0x0000000084f00000| Untracked 
|  40|0x0000000085000000, 0x0000000085100000, 0x0000000085100000|100%| O|  |TAMS 0x0000000085100000, 0x0000000085000000| Untracked 
|  41|0x0000000085100000, 0x0000000085200000, 0x0000000085200000|100%| O|  |TAMS 0x0000000085200000, 0x0000000085100000| Untracked 
|  42|0x0000000085200000, 0x0000000085300000, 0x0000000085300000|100%| O|  |TAMS 0x0000000085300000, 0x0000000085200000| Untracked 
|  43|0x0000000085300000, 0x0000000085400000, 0x0000000085400000|100%| O|  |TAMS 0x0000000085400000, 0x0000000085300000| Untracked 
|  44|0x0000000085400000, 0x0000000085500000, 0x0000000085500000|100%| O|  |TAMS 0x0000000085500000, 0x0000000085400000| Untracked 
|  45|0x0000000085500000, 0x0000000085600000, 0x0000000085600000|100%| O|  |TAMS 0x0000000085600000, 0x0000000085500000| Untracked 
|  46|0x0000000085600000, 0x0000000085700000, 0x0000000085700000|100%| O|  |TAMS 0x0000000085700000, 0x0000000085600000| Untracked 
|  47|0x0000000085700000, 0x0000000085800000, 0x0000000085800000|100%| O|  |TAMS 0x0000000085800000, 0x0000000085700000| Untracked 
|  48|0x0000000085800000, 0x0000000085900000, 0x0000000085900000|100%| O|  |TAMS 0x0000000085800000, 0x0000000085800000| Untracked 
|  49|0x0000000085900000, 0x0000000085a00000, 0x0000000085a00000|100%| O|  |TAMS 0x0000000085a00000, 0x0000000085900000| Untracked 
|  50|0x0000000085a00000, 0x0000000085b00000, 0x0000000085b00000|100%| O|  |TAMS 0x0000000085b00000, 0x0000000085a00000| Untracked 
|  51|0x0000000085b00000, 0x0000000085c00000, 0x0000000085c00000|100%| O|  |TAMS 0x0000000085c00000, 0x0000000085b00000| Untracked 
|  52|0x0000000085c00000, 0x0000000085d00000, 0x0000000085d00000|100%| O|  |TAMS 0x0000000085d00000, 0x0000000085c00000| Untracked 
|  53|0x0000000085d00000, 0x0000000085e00000, 0x0000000085e00000|100%| O|  |TAMS 0x0000000085e00000, 0x0000000085d00000| Untracked 
|  54|0x0000000085e00000, 0x0000000085f00000, 0x0000000085f00000|100%| O|  |TAMS 0x0000000085f00000, 0x0000000085e00000| Untracked 
|  55|0x0000000085f00000, 0x0000000086000000, 0x0000000086000000|100%| O|  |TAMS 0x0000000086000000, 0x0000000085f00000| Untracked 
|  56|0x0000000086000000, 0x0000000086100000, 0x0000000086100000|100%| O|  |TAMS 0x0000000086100000, 0x0000000086000000| Untracked 
|  57|0x0000000086100000, 0x0000000086200000, 0x0000000086200000|100%| O|  |TAMS 0x0000000086200000, 0x0000000086100000| Untracked 
|  58|0x0000000086200000, 0x0000000086300000, 0x0000000086300000|100%|HS|  |TAMS 0x0000000086200000, 0x0000000086200000| Complete 
|  59|0x0000000086300000, 0x0000000086400000, 0x0000000086400000|100%| O|  |TAMS 0x0000000086400000, 0x0000000086300000| Untracked 
|  60|0x0000000086400000, 0x0000000086500000, 0x0000000086500000|100%| O|  |TAMS 0x0000000086500000, 0x0000000086400000| Untracked 
|  61|0x0000000086500000, 0x0000000086600000, 0x0000000086600000|100%| O|  |TAMS 0x0000000086600000, 0x0000000086500000| Untracked 
|  62|0x0000000086600000, 0x0000000086700000, 0x0000000086700000|100%| O|  |TAMS 0x0000000086700000, 0x0000000086600000| Untracked 
|  63|0x0000000086700000, 0x0000000086800000, 0x0000000086800000|100%| O|  |TAMS 0x0000000086800000, 0x0000000086700000| Untracked 
|  64|0x0000000086800000, 0x0000000086900000, 0x0000000086900000|100%| O|  |TAMS 0x0000000086900000, 0x0000000086800000| Untracked 
|  65|0x0000000086900000, 0x0000000086a00000, 0x0000000086a00000|100%| O|  |TAMS 0x0000000086a00000, 0x0000000086900000| Untracked 
|  66|0x0000000086a00000, 0x0000000086b00000, 0x0000000086b00000|100%| O|  |TAMS 0x0000000086b00000, 0x0000000086a00000| Untracked 
|  67|0x0000000086b00000, 0x0000000086c00000, 0x0000000086c00000|100%| O|  |TAMS 0x0000000086c00000, 0x0000000086b00000| Untracked 
|  68|0x0000000086c00000, 0x0000000086d00000, 0x0000000086d00000|100%| O|  |TAMS 0x0000000086c58600, 0x0000000086c00000| Untracked 
|  69|0x0000000086d00000, 0x0000000086e00000, 0x0000000086e00000|100%| O|  |TAMS 0x0000000086d00000, 0x0000000086d00000| Untracked 
|  70|0x0000000086e00000, 0x0000000086f00000, 0x0000000086f00000|100%| O|  |TAMS 0x0000000086e00000, 0x0000000086e00000| Untracked 
|  71|0x0000000086f00000, 0x0000000087000000, 0x0000000087000000|100%| O|  |TAMS 0x0000000086f00000, 0x0000000086f00000| Untracked 
|  72|0x0000000087000000, 0x0000000087100000, 0x0000000087100000|100%| O|  |TAMS 0x0000000087000000, 0x0000000087000000| Untracked 
|  73|0x0000000087100000, 0x0000000087200000, 0x0000000087200000|100%| O|  |TAMS 0x0000000087100000, 0x0000000087100000| Untracked 
|  74|0x0000000087200000, 0x0000000087300000, 0x0000000087300000|100%| O|  |TAMS 0x0000000087200000, 0x0000000087200000| Untracked 
|  75|0x0000000087300000, 0x0000000087400000, 0x0000000087400000|100%| O|  |TAMS 0x0000000087300000, 0x0000000087300000| Untracked 
|  76|0x0000000087400000, 0x0000000087500000, 0x0000000087500000|100%| O|  |TAMS 0x0000000087400000, 0x0000000087400000| Untracked 
|  77|0x0000000087500000, 0x0000000087600000, 0x0000000087600000|100%| O|  |TAMS 0x0000000087500000, 0x0000000087500000| Untracked 
|  78|0x0000000087600000, 0x0000000087700000, 0x0000000087700000|100%| O|  |TAMS 0x0000000087600000, 0x0000000087600000| Untracked 
|  79|0x0000000087700000, 0x0000000087800000, 0x0000000087800000|100%| O|  |TAMS 0x0000000087700000, 0x0000000087700000| Untracked 
|  80|0x0000000087800000, 0x0000000087900000, 0x0000000087900000|100%| O|  |TAMS 0x0000000087800000, 0x0000000087800000| Untracked 
|  81|0x0000000087900000, 0x0000000087a00000, 0x0000000087a00000|100%| O|  |TAMS 0x0000000087900000, 0x0000000087900000| Untracked 
|  82|0x0000000087a00000, 0x0000000087b00000, 0x0000000087b00000|100%| O|  |TAMS 0x0000000087a00000, 0x0000000087a00000| Untracked 
|  83|0x0000000087b00000, 0x0000000087c00000, 0x0000000087c00000|100%| O|  |TAMS 0x0000000087b00000, 0x0000000087b00000| Untracked 
|  84|0x0000000087c00000, 0x0000000087d00000, 0x0000000087d00000|100%| O|  |TAMS 0x0000000087c00000, 0x0000000087c00000| Untracked 
|  85|0x0000000087d00000, 0x0000000087e00000, 0x0000000087e00000|100%|HS|  |TAMS 0x0000000087d00000, 0x0000000087d00000| Complete 
|  86|0x0000000087e00000, 0x0000000087f00000, 0x0000000087f00000|100%|HC|  |TAMS 0x0000000087e00000, 0x0000000087e00000| Complete 
|  87|0x0000000087f00000, 0x0000000088000000, 0x0000000088000000|100%|HS|  |TAMS 0x0000000087f00000, 0x0000000087f00000| Complete 
|  88|0x0000000088000000, 0x0000000088100000, 0x0000000088100000|100%|HC|  |TAMS 0x0000000088000000, 0x0000000088000000| Complete 
|  89|0x0000000088100000, 0x0000000088200000, 0x0000000088200000|100%| O|  |TAMS 0x0000000088100000, 0x0000000088100000| Untracked 
|  90|0x0000000088200000, 0x000000008828e200, 0x0000000088300000| 55%| O|  |TAMS 0x0000000088200000, 0x0000000088200000| Untracked 
|  91|0x0000000088300000, 0x0000000088300000, 0x0000000088400000|  0%| F|  |TAMS 0x0000000088300000, 0x0000000088300000| Untracked 
|  92|0x0000000088400000, 0x0000000088400000, 0x0000000088500000|  0%| F|  |TAMS 0x0000000088400000, 0x0000000088400000| Untracked 
|  93|0x0000000088500000, 0x0000000088500000, 0x0000000088600000|  0%| F|  |TAMS 0x0000000088500000, 0x0000000088500000| Untracked 
|  94|0x0000000088600000, 0x0000000088600000, 0x0000000088700000|  0%| F|  |TAMS 0x0000000088600000, 0x0000000088600000| Untracked 
|  95|0x0000000088700000, 0x0000000088700000, 0x0000000088800000|  0%| F|  |TAMS 0x0000000088700000, 0x0000000088700000| Untracked 
|  96|0x0000000088800000, 0x0000000088800000, 0x0000000088900000|  0%| F|  |TAMS 0x0000000088800000, 0x0000000088800000| Untracked 
|  97|0x0000000088900000, 0x0000000088900000, 0x0000000088a00000|  0%| F|  |TAMS 0x0000000088900000, 0x0000000088900000| Untracked 
|  98|0x0000000088a00000, 0x0000000088a00000, 0x0000000088b00000|  0%| F|  |TAMS 0x0000000088a00000, 0x0000000088a00000| Untracked 
|  99|0x0000000088b00000, 0x0000000088b00000, 0x0000000088c00000|  0%| F|  |TAMS 0x0000000088b00000, 0x0000000088b00000| Untracked 
| 100|0x0000000088c00000, 0x0000000088c00000, 0x0000000088d00000|  0%| F|  |TAMS 0x0000000088c00000, 0x0000000088c00000| Untracked 
| 101|0x0000000088d00000, 0x0000000088d00000, 0x0000000088e00000|  0%| F|  |TAMS 0x0000000088d00000, 0x0000000088d00000| Untracked 
| 102|0x0000000088e00000, 0x0000000088e00000, 0x0000000088f00000|  0%| F|  |TAMS 0x0000000088e00000, 0x0000000088e00000| Untracked 
| 103|0x0000000088f00000, 0x0000000088f00000, 0x0000000089000000|  0%| F|  |TAMS 0x0000000088f00000, 0x0000000088f00000| Untracked 
| 104|0x0000000089000000, 0x0000000089000000, 0x0000000089100000|  0%| F|  |TAMS 0x0000000089000000, 0x0000000089000000| Untracked 
| 105|0x0000000089100000, 0x0000000089100000, 0x0000000089200000|  0%| F|  |TAMS 0x0000000089100000, 0x0000000089100000| Untracked 
| 106|0x0000000089200000, 0x0000000089200000, 0x0000000089300000|  0%| F|  |TAMS 0x0000000089200000, 0x0000000089200000| Untracked 
| 107|0x0000000089300000, 0x0000000089300000, 0x0000000089400000|  0%| F|  |TAMS 0x0000000089300000, 0x0000000089300000| Untracked 
| 108|0x0000000089400000, 0x0000000089400000, 0x0000000089500000|  0%| F|  |TAMS 0x0000000089400000, 0x0000000089400000| Untracked 
| 109|0x0000000089500000, 0x0000000089500000, 0x0000000089600000|  0%| F|  |TAMS 0x0000000089500000, 0x0000000089500000| Untracked 
| 110|0x0000000089600000, 0x0000000089600000, 0x0000000089700000|  0%| F|  |TAMS 0x0000000089600000, 0x0000000089600000| Untracked 
| 111|0x0000000089700000, 0x0000000089700000, 0x0000000089800000|  0%| F|  |TAMS 0x0000000089700000, 0x0000000089700000| Untracked 
| 112|0x0000000089800000, 0x0000000089800000, 0x0000000089900000|  0%| F|  |TAMS 0x0000000089800000, 0x0000000089800000| Untracked 
| 113|0x0000000089900000, 0x0000000089900000, 0x0000000089a00000|  0%| F|  |TAMS 0x0000000089900000, 0x0000000089900000| Untracked 
| 114|0x0000000089a00000, 0x0000000089a00000, 0x0000000089b00000|  0%| F|  |TAMS 0x0000000089a00000, 0x0000000089a00000| Untracked 
| 115|0x0000000089b00000, 0x0000000089b00000, 0x0000000089c00000|  0%| F|  |TAMS 0x0000000089b00000, 0x0000000089b00000| Untracked 
| 116|0x0000000089c00000, 0x0000000089c00000, 0x0000000089d00000|  0%| F|  |TAMS 0x0000000089c00000, 0x0000000089c00000| Untracked 
| 117|0x0000000089d00000, 0x0000000089d00000, 0x0000000089e00000|  0%| F|  |TAMS 0x0000000089d00000, 0x0000000089d00000| Untracked 
| 118|0x0000000089e00000, 0x0000000089e00000, 0x0000000089f00000|  0%| F|  |TAMS 0x0000000089e00000, 0x0000000089e00000| Untracked 
| 119|0x0000000089f00000, 0x0000000089f00000, 0x000000008a000000|  0%| F|  |TAMS 0x0000000089f00000, 0x0000000089f00000| Untracked 
| 120|0x000000008a000000, 0x000000008a000000, 0x000000008a100000|  0%| F|  |TAMS 0x000000008a000000, 0x000000008a000000| Untracked 
| 121|0x000000008a100000, 0x000000008a100000, 0x000000008a200000|  0%| F|  |TAMS 0x000000008a100000, 0x000000008a100000| Untracked 
| 122|0x000000008a200000, 0x000000008a200000, 0x000000008a300000|  0%| F|  |TAMS 0x000000008a200000, 0x000000008a200000| Untracked 
| 123|0x000000008a300000, 0x000000008a300000, 0x000000008a400000|  0%| F|  |TAMS 0x000000008a300000, 0x000000008a300000| Untracked 
| 124|0x000000008a400000, 0x000000008a400000, 0x000000008a500000|  0%| F|  |TAMS 0x000000008a400000, 0x000000008a400000| Untracked 
| 125|0x000000008a500000, 0x000000008a500000, 0x000000008a600000|  0%| F|  |TAMS 0x000000008a500000, 0x000000008a500000| Untracked 
| 126|0x000000008a600000, 0x000000008a600000, 0x000000008a700000|  0%| F|  |TAMS 0x000000008a600000, 0x000000008a600000| Untracked 
| 127|0x000000008a700000, 0x000000008a700000, 0x000000008a800000|  0%| F|  |TAMS 0x000000008a700000, 0x000000008a700000| Untracked 
| 128|0x000000008a800000, 0x000000008a800000, 0x000000008a900000|  0%| F|  |TAMS 0x000000008a800000, 0x000000008a800000| Untracked 
| 129|0x000000008a900000, 0x000000008a900000, 0x000000008aa00000|  0%| F|  |TAMS 0x000000008a900000, 0x000000008a900000| Untracked 
| 130|0x000000008aa00000, 0x000000008aa00000, 0x000000008ab00000|  0%| F|  |TAMS 0x000000008aa00000, 0x000000008aa00000| Untracked 
| 131|0x000000008ab00000, 0x000000008ab00000, 0x000000008ac00000|  0%| F|  |TAMS 0x000000008ab00000, 0x000000008ab00000| Untracked 
| 132|0x000000008ac00000, 0x000000008ac00000, 0x000000008ad00000|  0%| F|  |TAMS 0x000000008ac00000, 0x000000008ac00000| Untracked 
| 133|0x000000008ad00000, 0x000000008ad00000, 0x000000008ae00000|  0%| F|  |TAMS 0x000000008ad00000, 0x000000008ad00000| Untracked 
| 134|0x000000008ae00000, 0x000000008ae00000, 0x000000008af00000|  0%| F|  |TAMS 0x000000008ae00000, 0x000000008ae00000| Untracked 
| 135|0x000000008af00000, 0x000000008af00000, 0x000000008b000000|  0%| F|  |TAMS 0x000000008af00000, 0x000000008af00000| Untracked 
| 136|0x000000008b000000, 0x000000008b000000, 0x000000008b100000|  0%| F|  |TAMS 0x000000008b000000, 0x000000008b000000| Untracked 
| 137|0x000000008b100000, 0x000000008b200000, 0x000000008b200000|100%| S|CS|TAMS 0x000000008b100000, 0x000000008b100000| Complete 
| 138|0x000000008b200000, 0x000000008b300000, 0x000000008b300000|100%| S|CS|TAMS 0x000000008b200000, 0x000000008b200000| Complete 
| 139|0x000000008b300000, 0x000000008b400000, 0x000000008b400000|100%| S|CS|TAMS 0x000000008b300000, 0x000000008b300000| Complete 
| 140|0x000000008b400000, 0x000000008b500000, 0x000000008b500000|100%| S|CS|TAMS 0x000000008b400000, 0x000000008b400000| Complete 
| 141|0x000000008b500000, 0x000000008b600000, 0x000000008b600000|100%| S|CS|TAMS 0x000000008b500000, 0x000000008b500000| Complete 
| 142|0x000000008b600000, 0x000000008b700000, 0x000000008b700000|100%| S|CS|TAMS 0x000000008b600000, 0x000000008b600000| Complete 
| 143|0x000000008b700000, 0x000000008b800000, 0x000000008b800000|100%| S|CS|TAMS 0x000000008b700000, 0x000000008b700000| Complete 
| 144|0x000000008b800000, 0x000000008b900000, 0x000000008b900000|100%| S|CS|TAMS 0x000000008b800000, 0x000000008b800000| Complete 
| 145|0x000000008b900000, 0x000000008ba00000, 0x000000008ba00000|100%| S|CS|TAMS 0x000000008b900000, 0x000000008b900000| Complete 
| 146|0x000000008ba00000, 0x000000008bb00000, 0x000000008bb00000|100%| S|CS|TAMS 0x000000008ba00000, 0x000000008ba00000| Complete 
| 147|0x000000008bb00000, 0x000000008bc00000, 0x000000008bc00000|100%| S|CS|TAMS 0x000000008bb00000, 0x000000008bb00000| Complete 
| 148|0x000000008bc00000, 0x000000008bd00000, 0x000000008bd00000|100%| S|CS|TAMS 0x000000008bc00000, 0x000000008bc00000| Complete 
| 149|0x000000008bd00000, 0x000000008bd00000, 0x000000008be00000|  0%| F|  |TAMS 0x000000008bd00000, 0x000000008bd00000| Untracked 
| 150|0x000000008be00000, 0x000000008be00000, 0x000000008bf00000|  0%| F|  |TAMS 0x000000008be00000, 0x000000008be00000| Untracked 
| 151|0x000000008bf00000, 0x000000008bf00000, 0x000000008c000000|  0%| F|  |TAMS 0x000000008bf00000, 0x000000008bf00000| Untracked 
| 152|0x000000008c000000, 0x000000008c000000, 0x000000008c100000|  0%| F|  |TAMS 0x000000008c000000, 0x000000008c000000| Untracked 
| 153|0x000000008c100000, 0x000000008c100000, 0x000000008c200000|  0%| F|  |TAMS 0x000000008c100000, 0x000000008c100000| Untracked 
| 154|0x000000008c200000, 0x000000008c200000, 0x000000008c300000|  0%| F|  |TAMS 0x000000008c200000, 0x000000008c200000| Untracked 
| 155|0x000000008c300000, 0x000000008c300000, 0x000000008c400000|  0%| F|  |TAMS 0x000000008c300000, 0x000000008c300000| Untracked 
| 156|0x000000008c400000, 0x000000008c400000, 0x000000008c500000|  0%| F|  |TAMS 0x000000008c400000, 0x000000008c400000| Untracked 
| 157|0x000000008c500000, 0x000000008c500000, 0x000000008c600000|  0%| F|  |TAMS 0x000000008c500000, 0x000000008c500000| Untracked 
| 158|0x000000008c600000, 0x000000008c600000, 0x000000008c700000|  0%| F|  |TAMS 0x000000008c600000, 0x000000008c600000| Untracked 
| 159|0x000000008c700000, 0x000000008c700000, 0x000000008c800000|  0%| F|  |TAMS 0x000000008c700000, 0x000000008c700000| Untracked 
| 160|0x000000008c800000, 0x000000008c800000, 0x000000008c900000|  0%| F|  |TAMS 0x000000008c800000, 0x000000008c800000| Untracked 
| 161|0x000000008c900000, 0x000000008c900000, 0x000000008ca00000|  0%| F|  |TAMS 0x000000008c900000, 0x000000008c900000| Untracked 
| 162|0x000000008ca00000, 0x000000008ca00000, 0x000000008cb00000|  0%| F|  |TAMS 0x000000008ca00000, 0x000000008ca00000| Untracked 
| 163|0x000000008cb00000, 0x000000008cb00000, 0x000000008cc00000|  0%| F|  |TAMS 0x000000008cb00000, 0x000000008cb00000| Untracked 
| 164|0x000000008cc00000, 0x000000008cc00000, 0x000000008cd00000|  0%| F|  |TAMS 0x000000008cc00000, 0x000000008cc00000| Untracked 
| 165|0x000000008cd00000, 0x000000008cd00000, 0x000000008ce00000|  0%| F|  |TAMS 0x000000008cd00000, 0x000000008cd00000| Untracked 
| 166|0x000000008ce00000, 0x000000008ce00000, 0x000000008cf00000|  0%| F|  |TAMS 0x000000008ce00000, 0x000000008ce00000| Untracked 
| 167|0x000000008cf00000, 0x000000008cf00000, 0x000000008d000000|  0%| F|  |TAMS 0x000000008cf00000, 0x000000008cf00000| Untracked 
| 168|0x000000008d000000, 0x000000008d000000, 0x000000008d100000|  0%| F|  |TAMS 0x000000008d000000, 0x000000008d000000| Untracked 
| 169|0x000000008d100000, 0x000000008d100000, 0x000000008d200000|  0%| F|  |TAMS 0x000000008d100000, 0x000000008d100000| Untracked 
| 170|0x000000008d200000, 0x000000008d200000, 0x000000008d300000|  0%| F|  |TAMS 0x000000008d200000, 0x000000008d200000| Untracked 
| 171|0x000000008d300000, 0x000000008d300000, 0x000000008d400000|  0%| F|  |TAMS 0x000000008d300000, 0x000000008d300000| Untracked 
| 172|0x000000008d400000, 0x000000008d500000, 0x000000008d500000|100%| E|  |TAMS 0x000000008d400000, 0x000000008d400000| Complete 
| 173|0x000000008d500000, 0x000000008d600000, 0x000000008d600000|100%| E|CS|TAMS 0x000000008d500000, 0x000000008d500000| Complete 
| 174|0x000000008d600000, 0x000000008d700000, 0x000000008d700000|100%| E|CS|TAMS 0x000000008d600000, 0x000000008d600000| Complete 
| 175|0x000000008d700000, 0x000000008d800000, 0x000000008d800000|100%| E|CS|TAMS 0x000000008d700000, 0x000000008d700000| Complete 
| 176|0x000000008d800000, 0x000000008d900000, 0x000000008d900000|100%| E|CS|TAMS 0x000000008d800000, 0x000000008d800000| Complete 
| 177|0x000000008d900000, 0x000000008da00000, 0x000000008da00000|100%| E|CS|TAMS 0x000000008d900000, 0x000000008d900000| Complete 
| 178|0x000000008da00000, 0x000000008db00000, 0x000000008db00000|100%| E|CS|TAMS 0x000000008da00000, 0x000000008da00000| Complete 
| 179|0x000000008db00000, 0x000000008dc00000, 0x000000008dc00000|100%| E|CS|TAMS 0x000000008db00000, 0x000000008db00000| Complete 
| 180|0x000000008dc00000, 0x000000008dd00000, 0x000000008dd00000|100%| E|CS|TAMS 0x000000008dc00000, 0x000000008dc00000| Complete 
| 181|0x000000008dd00000, 0x000000008de00000, 0x000000008de00000|100%| E|CS|TAMS 0x000000008dd00000, 0x000000008dd00000| Complete 
| 182|0x000000008de00000, 0x000000008df00000, 0x000000008df00000|100%| E|CS|TAMS 0x000000008de00000, 0x000000008de00000| Complete 
| 183|0x000000008df00000, 0x000000008e000000, 0x000000008e000000|100%| E|CS|TAMS 0x000000008df00000, 0x000000008df00000| Complete 
| 184|0x000000008e000000, 0x000000008e100000, 0x000000008e100000|100%| E|CS|TAMS 0x000000008e000000, 0x000000008e000000| Complete 
| 185|0x000000008e100000, 0x000000008e200000, 0x000000008e200000|100%| E|CS|TAMS 0x000000008e100000, 0x000000008e100000| Complete 
| 186|0x000000008e200000, 0x000000008e300000, 0x000000008e300000|100%| E|CS|TAMS 0x000000008e200000, 0x000000008e200000| Complete 
| 187|0x000000008e300000, 0x000000008e400000, 0x000000008e400000|100%| E|CS|TAMS 0x000000008e300000, 0x000000008e300000| Complete 
| 188|0x000000008e400000, 0x000000008e500000, 0x000000008e500000|100%| E|CS|TAMS 0x000000008e400000, 0x000000008e400000| Complete 
| 189|0x000000008e500000, 0x000000008e600000, 0x000000008e600000|100%| E|CS|TAMS 0x000000008e500000, 0x000000008e500000| Complete 
| 190|0x000000008e600000, 0x000000008e700000, 0x000000008e700000|100%| E|CS|TAMS 0x000000008e600000, 0x000000008e600000| Complete 
| 191|0x000000008e700000, 0x000000008e800000, 0x000000008e800000|100%| E|CS|TAMS 0x000000008e700000, 0x000000008e700000| Complete 
| 192|0x000000008e800000, 0x000000008e900000, 0x000000008e900000|100%| E|CS|TAMS 0x000000008e800000, 0x000000008e800000| Complete 
| 193|0x000000008e900000, 0x000000008ea00000, 0x000000008ea00000|100%| E|CS|TAMS 0x000000008e900000, 0x000000008e900000| Complete 
| 194|0x000000008ea00000, 0x000000008eb00000, 0x000000008eb00000|100%| E|CS|TAMS 0x000000008ea00000, 0x000000008ea00000| Complete 
| 195|0x000000008eb00000, 0x000000008ec00000, 0x000000008ec00000|100%| E|CS|TAMS 0x000000008eb00000, 0x000000008eb00000| Complete 
| 196|0x000000008ec00000, 0x000000008ed00000, 0x000000008ed00000|100%| E|CS|TAMS 0x000000008ec00000, 0x000000008ec00000| Complete 
| 197|0x000000008ed00000, 0x000000008ee00000, 0x000000008ee00000|100%| E|CS|TAMS 0x000000008ed00000, 0x000000008ed00000| Complete 
| 198|0x000000008ee00000, 0x000000008ef00000, 0x000000008ef00000|100%| E|CS|TAMS 0x000000008ee00000, 0x000000008ee00000| Complete 
| 199|0x000000008ef00000, 0x000000008f000000, 0x000000008f000000|100%| E|CS|TAMS 0x000000008ef00000, 0x000000008ef00000| Complete 
| 200|0x000000008f000000, 0x000000008f100000, 0x000000008f100000|100%| E|CS|TAMS 0x000000008f000000, 0x000000008f000000| Complete 
| 201|0x000000008f100000, 0x000000008f200000, 0x000000008f200000|100%| E|CS|TAMS 0x000000008f100000, 0x000000008f100000| Complete 
| 202|0x000000008f200000, 0x000000008f300000, 0x000000008f300000|100%| E|CS|TAMS 0x000000008f200000, 0x000000008f200000| Complete 
| 203|0x000000008f300000, 0x000000008f400000, 0x000000008f400000|100%| E|CS|TAMS 0x000000008f300000, 0x000000008f300000| Complete 
| 204|0x000000008f400000, 0x000000008f500000, 0x000000008f500000|100%| E|CS|TAMS 0x000000008f400000, 0x000000008f400000| Complete 
| 205|0x000000008f500000, 0x000000008f600000, 0x000000008f600000|100%| E|CS|TAMS 0x000000008f500000, 0x000000008f500000| Complete 
| 206|0x000000008f600000, 0x000000008f700000, 0x000000008f700000|100%| E|CS|TAMS 0x000000008f600000, 0x000000008f600000| Complete 
| 207|0x000000008f700000, 0x000000008f800000, 0x000000008f800000|100%| E|CS|TAMS 0x000000008f700000, 0x000000008f700000| Complete 
| 208|0x000000008f800000, 0x000000008f900000, 0x000000008f900000|100%| E|CS|TAMS 0x000000008f800000, 0x000000008f800000| Complete 
| 209|0x000000008f900000, 0x000000008fa00000, 0x000000008fa00000|100%| E|CS|TAMS 0x000000008f900000, 0x000000008f900000| Complete 
| 210|0x000000008fa00000, 0x000000008fb00000, 0x000000008fb00000|100%| E|CS|TAMS 0x000000008fa00000, 0x000000008fa00000| Complete 
| 211|0x000000008fb00000, 0x000000008fc00000, 0x000000008fc00000|100%| E|CS|TAMS 0x000000008fb00000, 0x000000008fb00000| Complete 
| 212|0x000000008fc00000, 0x000000008fd00000, 0x000000008fd00000|100%| E|CS|TAMS 0x000000008fc00000, 0x000000008fc00000| Complete 
| 213|0x000000008fd00000, 0x000000008fe00000, 0x000000008fe00000|100%| E|CS|TAMS 0x000000008fd00000, 0x000000008fd00000| Complete 
| 214|0x000000008fe00000, 0x000000008ff00000, 0x000000008ff00000|100%| E|CS|TAMS 0x000000008fe00000, 0x000000008fe00000| Complete 
| 215|0x000000008ff00000, 0x0000000090000000, 0x0000000090000000|100%| E|CS|TAMS 0x000000008ff00000, 0x000000008ff00000| Complete 
| 216|0x0000000090000000, 0x0000000090100000, 0x0000000090100000|100%| E|CS|TAMS 0x0000000090000000, 0x0000000090000000| Complete 
| 217|0x0000000090100000, 0x0000000090200000, 0x0000000090200000|100%| E|CS|TAMS 0x0000000090100000, 0x0000000090100000| Complete 
| 218|0x0000000090200000, 0x0000000090300000, 0x0000000090300000|100%| E|CS|TAMS 0x0000000090200000, 0x0000000090200000| Complete 
| 219|0x0000000090300000, 0x0000000090400000, 0x0000000090400000|100%| E|CS|TAMS 0x0000000090300000, 0x0000000090300000| Complete 
| 220|0x0000000090400000, 0x0000000090500000, 0x0000000090500000|100%| E|CS|TAMS 0x0000000090400000, 0x0000000090400000| Complete 
| 221|0x0000000090500000, 0x0000000090600000, 0x0000000090600000|100%| E|CS|TAMS 0x0000000090500000, 0x0000000090500000| Complete 
| 222|0x0000000090600000, 0x0000000090700000, 0x0000000090700000|100%| E|CS|TAMS 0x0000000090600000, 0x0000000090600000| Complete 
| 223|0x0000000090700000, 0x0000000090800000, 0x0000000090800000|100%| E|CS|TAMS 0x0000000090700000, 0x0000000090700000| Complete 
| 224|0x0000000090800000, 0x0000000090900000, 0x0000000090900000|100%| E|CS|TAMS 0x0000000090800000, 0x0000000090800000| Complete 
| 225|0x0000000090900000, 0x0000000090a00000, 0x0000000090a00000|100%| E|CS|TAMS 0x0000000090900000, 0x0000000090900000| Complete 
| 226|0x0000000090a00000, 0x0000000090b00000, 0x0000000090b00000|100%| E|CS|TAMS 0x0000000090a00000, 0x0000000090a00000| Complete 
| 227|0x0000000090b00000, 0x0000000090c00000, 0x0000000090c00000|100%| E|CS|TAMS 0x0000000090b00000, 0x0000000090b00000| Complete 
| 228|0x0000000090c00000, 0x0000000090d00000, 0x0000000090d00000|100%| E|CS|TAMS 0x0000000090c00000, 0x0000000090c00000| Complete 
| 229|0x0000000090d00000, 0x0000000090e00000, 0x0000000090e00000|100%| E|CS|TAMS 0x0000000090d00000, 0x0000000090d00000| Complete 
| 230|0x0000000090e00000, 0x0000000090f00000, 0x0000000090f00000|100%| E|CS|TAMS 0x0000000090e00000, 0x0000000090e00000| Complete 
| 231|0x0000000090f00000, 0x0000000091000000, 0x0000000091000000|100%| E|CS|TAMS 0x0000000090f00000, 0x0000000090f00000| Complete 
| 232|0x0000000091000000, 0x0000000091100000, 0x0000000091100000|100%| E|CS|TAMS 0x0000000091000000, 0x0000000091000000| Complete 
| 233|0x0000000091100000, 0x0000000091200000, 0x0000000091200000|100%| E|CS|TAMS 0x0000000091100000, 0x0000000091100000| Complete 
| 234|0x0000000091200000, 0x0000000091300000, 0x0000000091300000|100%| E|CS|TAMS 0x0000000091200000, 0x0000000091200000| Complete 
| 235|0x0000000091300000, 0x0000000091400000, 0x0000000091400000|100%| E|CS|TAMS 0x0000000091300000, 0x0000000091300000| Complete 
| 236|0x0000000091400000, 0x0000000091500000, 0x0000000091500000|100%| E|CS|TAMS 0x0000000091400000, 0x0000000091400000| Complete 
| 237|0x0000000091500000, 0x0000000091600000, 0x0000000091600000|100%| E|CS|TAMS 0x0000000091500000, 0x0000000091500000| Complete 
| 238|0x0000000091600000, 0x0000000091700000, 0x0000000091700000|100%| E|CS|TAMS 0x0000000091600000, 0x0000000091600000| Complete 
| 239|0x0000000091700000, 0x0000000091800000, 0x0000000091800000|100%| E|CS|TAMS 0x0000000091700000, 0x0000000091700000| Complete 
| 240|0x0000000091800000, 0x0000000091900000, 0x0000000091900000|100%| E|CS|TAMS 0x0000000091800000, 0x0000000091800000| Complete 
| 241|0x0000000091900000, 0x0000000091a00000, 0x0000000091a00000|100%| E|CS|TAMS 0x0000000091900000, 0x0000000091900000| Complete 
| 242|0x0000000091a00000, 0x0000000091b00000, 0x0000000091b00000|100%| E|CS|TAMS 0x0000000091a00000, 0x0000000091a00000| Complete 
|2007|0x00000000fff00000, 0x0000000100000000, 0x0000000100000000|100%| O|  |TAMS 0x0000000100000000, 0x00000000fff00000| Untracked 

Card table byte_map: [0x0000020ba5fc0000,0x0000020ba63b0000] _byte_map_base: 0x0000020ba5bac000

Marking Bits (Prev, Next): (CMBitMap*) 0x0000020b8ed85820, (CMBitMap*) 0x0000020b8ed85860
 Prev Bits: [0x0000020ba67a0000, 0x0000020ba8700000)
 Next Bits: [0x0000020ba8700000, 0x0000020baa660000)

Polling page: 0x0000020b8ca80000

Metaspace:

Usage:
  Non-class:     64.06 MB used.
      Class:      8.34 MB used.
       Both:     72.41 MB used.

Virtual space:
  Non-class space:      128.00 MB reserved,      64.38 MB ( 50%) committed,  2 nodes.
      Class space:        1.00 GB reserved,       8.69 MB ( <1%) committed,  1 nodes.
             Both:        1.12 GB reserved,      73.06 MB (  6%) committed. 

Chunk freelists:
   Non-Class:  14.91 MB
       Class:  7.36 MB
        Both:  22.27 MB

MaxMetaspaceSize: unlimited
CompressedClassSpaceSize: 1.00 GB
Initial GC threshold: 21.00 MB
Current GC threshold: 115.25 MB
CDS: on
MetaspaceReclaimPolicy: balanced
 - commit_granule_bytes: 65536.
 - commit_granule_words: 8192.
 - virtual_space_node_default_size: 8388608.
 - enlarge_chunks_in_place: 1.
 - new_chunks_are_fully_committed: 0.
 - uncommit_free_chunks: 1.
 - use_allocation_guard: 0.
 - handle_deallocations: 1.


Internal statistics:

num_allocs_failed_limit: 18.
num_arena_births: 978.
num_arena_deaths: 0.
num_vsnodes_births: 3.
num_vsnodes_deaths: 0.
num_space_committed: 1167.
num_space_uncommitted: 0.
num_chunks_returned_to_freelist: 18.
num_chunks_taken_from_freelist: 3800.
num_chunk_merges: 18.
num_chunk_splits: 2773.
num_chunks_enlarged: 2128.
num_inconsistent_stats: 0.

CodeHeap 'non-profiled nmethods': size=120000Kb used=5831Kb max_used=5831Kb free=114169Kb
 bounds [0x0000020b9e370000, 0x0000020b9e930000, 0x0000020ba58a0000]
CodeHeap 'profiled nmethods': size=120000Kb used=29680Kb max_used=29680Kb free=90319Kb
 bounds [0x0000020b968a0000, 0x0000020b985a0000, 0x0000020b9ddd0000]
CodeHeap 'non-nmethods': size=5760Kb used=1383Kb max_used=1513Kb free=4376Kb
 bounds [0x0000020b9ddd0000, 0x0000020b9e040000, 0x0000020b9e370000]
 total_blobs=11250 nmethods=10536 adapters=624
 compilation: enabled
              stopped_count=0, restarted_count=0
 full_count=0

Compilation events (20 events):
Event: 42.766 Thread 0x0000020bad0c3df0 nmethod 11997 0x0000020b98585410 code [0x0000020b98585640, 0x0000020b98585fa8]
Event: 42.766 Thread 0x0000020bad0c3df0 11998       3       org.jetbrains.exposed.sql.ResultRow::set (66 bytes)
Event: 42.769 Thread 0x0000020bad0c3df0 nmethod 11998 0x0000020b98586210 code [0x0000020b98586520, 0x0000020b985876c8]
Event: 42.769 Thread 0x0000020bad0c3df0 11999       3       java.lang.Integer::toString (8 bytes)
Event: 42.769 Thread 0x0000020bad0c3df0 nmethod 11999 0x0000020b98587c90 code [0x0000020b98587e40, 0x0000020b98587f88]
Event: 42.772 Thread 0x0000020bad0c3df0 12000   !   3       org.h2.mvstore.MVMap::operate (846 bytes)
Event: 42.787 Thread 0x0000020bad0c3df0 nmethod 12000 0x0000020b98588010 code [0x0000020b98588740, 0x0000020b9858d8b8]
Event: 42.787 Thread 0x0000020bad0c3df0 12002       3       org.h2.mvstore.CursorPos::processRemovalInfo (34 bytes)
Event: 42.788 Thread 0x0000020bad0c3df0 nmethod 12002 0x0000020b98590110 code [0x0000020b985902c0, 0x0000020b985904e8]
Event: 42.788 Thread 0x0000020bad0c3df0 12004       3       org.jetbrains.kotlin.psi.KtCommonFile::getDeclarations (55 bytes)
Event: 42.789 Thread 0x0000020bad0c3df0 nmethod 12004 0x0000020b98590610 code [0x0000020b98590820, 0x0000020b98590e88]
Event: 42.789 Thread 0x0000020bad0c3df0 12003       3       java.lang.Long::valueOf (40 bytes)
Event: 42.790 Thread 0x0000020bad0c3df0 nmethod 12003 0x0000020b98591090 code [0x0000020b98591260, 0x0000020b98591598]
Event: 42.790 Thread 0x0000020bad0c3df0 12001       3       org.h2.mvstore.Page$Leaf::setValueInternal (16 bytes)
Event: 42.790 Thread 0x0000020bad0c3df0 nmethod 12001 0x0000020b98591710 code [0x0000020b985918c0, 0x0000020b98591b78]
Event: 42.805 Thread 0x0000020bad0c3df0 12005   !   3       com.intellij.util.io.FileAccessorCache::get (72 bytes)
Event: 42.806 Thread 0x0000020bad0c3df0 nmethod 12005 0x0000020b98591c90 code [0x0000020b98591ec0, 0x0000020b98592518]
Event: 43.795 Thread 0x0000020bad0c11a0 12006       4       org.jetbrains.kotlin.metadata.jvm.deserialization.ModuleMapping$Companion::loadModuleMapping (1030 bytes)
Event: 43.795 Thread 0x0000020bad0c3df0 12007       3       org.jetbrains.org.objectweb.asm.ClassVisitor::visitOuterClass (18 bytes)
Event: 43.796 Thread 0x0000020bad0c3df0 nmethod 12007 0x0000020b98592710 code [0x0000020b985928c0, 0x0000020b98592ac8]

GC Heap History (20 events):
Event: 30.044 GC heap before
{Heap before GC invocations=28 (full 0):
 garbage-first heap   total 101376K, used 64971K [0x0000000082800000, 0x0000000100000000)
  region size 1024K, 13 young (13312K), 4 survivors (4096K)
 Metaspace       used 68881K, committed 69376K, reserved 1114112K
  class space    used 8212K, committed 8448K, reserved 1048576K
}
Event: 30.054 GC heap after
{Heap after GC invocations=29 (full 0):
 garbage-first heap   total 101376K, used 58382K [0x0000000082800000, 0x0000000100000000)
  region size 1024K, 2 young (2048K), 2 survivors (2048K)
 Metaspace       used 68881K, committed 69376K, reserved 1114112K
  class space    used 8212K, committed 8448K, reserved 1048576K
}
Event: 30.573 GC heap before
{Heap before GC invocations=30 (full 0):
 garbage-first heap   total 109568K, used 78862K [0x0000000082800000, 0x0000000100000000)
  region size 1024K, 21 young (21504K), 2 survivors (2048K)
 Metaspace       used 69109K, committed 69504K, reserved 1114112K
  class space    used 8220K, committed 8448K, reserved 1048576K
}
Event: 30.580 GC heap after
{Heap after GC invocations=31 (full 0):
 garbage-first heap   total 109568K, used 62179K [0x0000000082800000, 0x0000000100000000)
  region size 1024K, 3 young (3072K), 3 survivors (3072K)
 Metaspace       used 69109K, committed 69504K, reserved 1114112K
  class space    used 8220K, committed 8448K, reserved 1048576K
}
Event: 30.793 GC heap before
{Heap before GC invocations=32 (full 0):
 garbage-first heap   total 132096K, used 86755K [0x0000000082800000, 0x0000000100000000)
  region size 1024K, 27 young (27648K), 3 survivors (3072K)
 Metaspace       used 69123K, committed 69568K, reserved 1114112K
  class space    used 8220K, committed 8448K, reserved 1048576K
}
Event: 30.798 GC heap after
{Heap after GC invocations=33 (full 0):
 garbage-first heap   total 132096K, used 63535K [0x0000000082800000, 0x0000000100000000)
  region size 1024K, 2 young (2048K), 2 survivors (2048K)
 Metaspace       used 69123K, committed 69568K, reserved 1114112K
  class space    used 8220K, committed 8448K, reserved 1048576K
}
Event: 31.849 GC heap before
{Heap before GC invocations=33 (full 0):
 garbage-first heap   total 132096K, used 84015K [0x0000000082800000, 0x0000000100000000)
  region size 1024K, 23 young (23552K), 2 survivors (2048K)
 Metaspace       used 70031K, committed 70528K, reserved 1114112K
  class space    used 8277K, committed 8512K, reserved 1048576K
}
Event: 31.857 GC heap after
{Heap after GC invocations=34 (full 0):
 garbage-first heap   total 132096K, used 66439K [0x0000000082800000, 0x0000000100000000)
  region size 1024K, 5 young (5120K), 5 survivors (5120K)
 Metaspace       used 70031K, committed 70528K, reserved 1114112K
  class space    used 8277K, committed 8512K, reserved 1048576K
}
Event: 32.436 GC heap before
{Heap before GC invocations=35 (full 0):
 garbage-first heap   total 132096K, used 106375K [0x0000000082800000, 0x0000000100000000)
  region size 1024K, 42 young (43008K), 5 survivors (5120K)
 Metaspace       used 70110K, committed 70592K, reserved 1114112K
  class space    used 8277K, committed 8512K, reserved 1048576K
}
Event: 32.446 GC heap after
{Heap after GC invocations=36 (full 0):
 garbage-first heap   total 132096K, used 70231K [0x0000000082800000, 0x0000000100000000)
  region size 1024K, 6 young (6144K), 6 survivors (6144K)
 Metaspace       used 70110K, committed 70592K, reserved 1114112K
  class space    used 8277K, committed 8512K, reserved 1048576K
}
Event: 32.597 GC heap before
{Heap before GC invocations=36 (full 0):
 garbage-first heap   total 132096K, used 71255K [0x0000000082800000, 0x0000000100000000)
  region size 1024K, 7 young (7168K), 6 survivors (6144K)
 Metaspace       used 70156K, committed 70656K, reserved 1114112K
  class space    used 8282K, committed 8512K, reserved 1048576K
}
Event: 32.609 GC heap after
{Heap after GC invocations=37 (full 0):
 garbage-first heap   total 132096K, used 71009K [0x0000000082800000, 0x0000000100000000)
  region size 1024K, 1 young (1024K), 1 survivors (1024K)
 Metaspace       used 70156K, committed 70656K, reserved 1114112K
  class space    used 8282K, committed 8512K, reserved 1048576K
}
Event: 33.300 GC heap before
{Heap before GC invocations=37 (full 0):
 garbage-first heap   total 132096K, used 108897K [0x0000000082800000, 0x0000000100000000)
  region size 1024K, 35 young (35840K), 1 survivors (1024K)
 Metaspace       used 70296K, committed 70784K, reserved 1114112K
  class space    used 8285K, committed 8512K, reserved 1048576K
}
Event: 33.313 GC heap after
{Heap after GC invocations=38 (full 0):
 garbage-first heap   total 249856K, used 76037K [0x0000000082800000, 0x0000000100000000)
  region size 1024K, 5 young (5120K), 5 survivors (5120K)
 Metaspace       used 70296K, committed 70784K, reserved 1114112K
  class space    used 8285K, committed 8512K, reserved 1048576K
}
Event: 36.421 GC heap before
{Heap before GC invocations=39 (full 0):
 garbage-first heap   total 249856K, used 185605K [0x0000000082800000, 0x0000000100000000)
  region size 1024K, 108 young (110592K), 5 survivors (5120K)
 Metaspace       used 71521K, committed 71936K, reserved 1114112K
  class space    used 8347K, committed 8576K, reserved 1048576K
}
Event: 36.448 GC heap after
{Heap after GC invocations=40 (full 0):
 garbage-first heap   total 249856K, used 87161K [0x0000000082800000, 0x0000000100000000)
  region size 1024K, 14 young (14336K), 14 survivors (14336K)
 Metaspace       used 71521K, committed 71936K, reserved 1114112K
  class space    used 8347K, committed 8576K, reserved 1048576K
}
Event: 36.459 GC heap before
{Heap before GC invocations=40 (full 0):
 garbage-first heap   total 249856K, used 88185K [0x0000000082800000, 0x0000000100000000)
  region size 1024K, 15 young (15360K), 14 survivors (14336K)
 Metaspace       used 71521K, committed 71936K, reserved 1114112K
  class space    used 8347K, committed 8576K, reserved 1048576K
}
Event: 36.474 GC heap after
{Heap after GC invocations=41 (full 0):
 garbage-first heap   total 249856K, used 88925K [0x0000000082800000, 0x0000000100000000)
  region size 1024K, 2 young (2048K), 2 survivors (2048K)
 Metaspace       used 71521K, committed 71936K, reserved 1114112K
  class space    used 8347K, committed 8576K, reserved 1048576K
}
Event: 39.779 GC heap before
{Heap before GC invocations=41 (full 0):
 garbage-first heap   total 249856K, used 187229K [0x0000000082800000, 0x0000000100000000)
  region size 1024K, 94 young (96256K), 2 survivors (2048K)
 Metaspace       used 73221K, committed 73792K, reserved 1179648K
  class space    used 8490K, committed 8768K, reserved 1048576K
}
Event: 39.793 GC heap after
{Heap after GC invocations=42 (full 0):
 garbage-first heap   total 249856K, used 102968K [0x0000000082800000, 0x0000000100000000)
  region size 1024K, 12 young (12288K), 12 survivors (12288K)
 Metaspace       used 73221K, committed 73792K, reserved 1179648K
  class space    used 8490K, committed 8768K, reserved 1048576K
}

Dll operation events (8 events):
Event: 0.032 Loaded shared library C:\Program Files\Microsoft\jdk-17.0.19.10-hotspot\bin\java.dll
Event: 0.084 Loaded shared library C:\Program Files\Microsoft\jdk-17.0.19.10-hotspot\bin\jsvml.dll
Event: 0.278 Loaded shared library C:\Program Files\Microsoft\jdk-17.0.19.10-hotspot\bin\net.dll
Event: 0.281 Loaded shared library C:\Program Files\Microsoft\jdk-17.0.19.10-hotspot\bin\nio.dll
Event: 0.289 Loaded shared library C:\Program Files\Microsoft\jdk-17.0.19.10-hotspot\bin\zip.dll
Event: 0.484 Loaded shared library C:\Program Files\Microsoft\jdk-17.0.19.10-hotspot\bin\jimage.dll
Event: 3.407 Loaded shared library C:\Program Files\Microsoft\jdk-17.0.19.10-hotspot\bin\verify.dll
Event: 10.007 Loaded shared library C:\Users\Admin\AppData\Local\Temp\sqlite-3.41.2.1-a34c4150-1fc9-4aa4-9a0e-883666b7f83c-sqlitejdbc.dll

Deoptimization events (20 events):
Event: 40.918 Thread 0x0000020bf3950380 DEOPT PACKING pc=0x0000020b9e6d60ec sp=0x000000fdb6ff8280
Event: 40.918 Thread 0x0000020bf3950380 DEOPT UNPACKING pc=0x0000020b9de269a3 sp=0x000000fdb6ff8228 mode 2
Event: 41.038 Thread 0x0000020bf3950380 Uncommon trap: trap_request=0xffffffde fr.pc=0x0000020b9e8c92a0 relative=0x0000000000000100
Event: 41.038 Thread 0x0000020bf3950380 Uncommon trap: reason=class_check action=maybe_recompile pc=0x0000020b9e8c92a0 method=com.intellij.psi.impl.source.tree.SharedImplUtil.countChildrenOfType(Lcom/intellij/lang/ASTNode;Lcom/intellij/psi/tree/IElementType;)I @ 21 c2
Event: 41.038 Thread 0x0000020bf3950380 DEOPT PACKING pc=0x0000020b9e8c92a0 sp=0x000000fdb6ff3e10
Event: 41.038 Thread 0x0000020bf3950380 DEOPT UNPACKING pc=0x0000020b9de269a3 sp=0x000000fdb6ff3da0 mode 2
Event: 41.038 Thread 0x0000020bf3950380 Uncommon trap: trap_request=0xffffffde fr.pc=0x0000020b9e6a9358 relative=0x0000000000000ab8
Event: 41.038 Thread 0x0000020bf3950380 Uncommon trap: reason=class_check action=maybe_recompile pc=0x0000020b9e6a9358 method=com.intellij.extapi.psi.StubBasedPsiElementBase.getStubOrPsiChild(Lcom/intellij/psi/stubs/IStubElementType;)Lcom/intellij/psi/PsiElement; @ 45 c2
Event: 41.038 Thread 0x0000020bf3950380 DEOPT PACKING pc=0x0000020b9e6a9358 sp=0x000000fdb6ff3e80
Event: 41.038 Thread 0x0000020bf3950380 DEOPT UNPACKING pc=0x0000020b9de269a3 sp=0x000000fdb6ff3e48 mode 2
Event: 41.045 Thread 0x0000020bf3950380 Uncommon trap: trap_request=0xffffffde fr.pc=0x0000020b9e8c92a0 relative=0x0000000000000100
Event: 41.045 Thread 0x0000020bf3950380 Uncommon trap: reason=class_check action=maybe_recompile pc=0x0000020b9e8c92a0 method=com.intellij.psi.impl.source.tree.SharedImplUtil.countChildrenOfType(Lcom/intellij/lang/ASTNode;Lcom/intellij/psi/tree/IElementType;)I @ 21 c2
Event: 41.045 Thread 0x0000020bf3950380 DEOPT PACKING pc=0x0000020b9e8c92a0 sp=0x000000fdb6ff3e10
Event: 41.045 Thread 0x0000020bf3950380 DEOPT UNPACKING pc=0x0000020b9de269a3 sp=0x000000fdb6ff3da0 mode 2
Event: 41.045 Thread 0x0000020bf3950380 Uncommon trap: trap_request=0xffffffde fr.pc=0x0000020b9e6a9358 relative=0x0000000000000ab8
Event: 41.045 Thread 0x0000020bf3950380 Uncommon trap: reason=class_check action=maybe_recompile pc=0x0000020b9e6a9358 method=com.intellij.extapi.psi.StubBasedPsiElementBase.getStubOrPsiChild(Lcom/intellij/psi/stubs/IStubElementType;)Lcom/intellij/psi/PsiElement; @ 45 c2
Event: 41.045 Thread 0x0000020bf3950380 DEOPT PACKING pc=0x0000020b9e6a9358 sp=0x000000fdb6ff3e80
Event: 41.045 Thread 0x0000020bf3950380 DEOPT UNPACKING pc=0x0000020b9de269a3 sp=0x000000fdb6ff3e48 mode 2
Event: 43.795 Thread 0x0000020bf3950380 DEOPT PACKING pc=0x0000020b97c14eb1 sp=0x000000fdb6ffdf70
Event: 43.795 Thread 0x0000020bf3950380 DEOPT UNPACKING pc=0x0000020b9de27143 sp=0x000000fdb6ffd690 mode 0

Classes loaded (20 events):
Event: 25.175 Loading class java/util/stream/SortedOps$RefSortingSink
Event: 25.175 Loading class java/util/stream/SortedOps$AbstractRefSortingSink
Event: 25.176 Loading class java/util/stream/SortedOps$AbstractRefSortingSink done
Event: 25.176 Loading class java/util/stream/SortedOps$RefSortingSink done
Event: 29.928 Loading class java/util/concurrent/CompletableFuture$AsyncRun
Event: 29.929 Loading class java/util/concurrent/CompletableFuture$AsyncRun done
Event: 30.409 Loading class java/util/concurrent/locks/ReentrantReadWriteLock$Sync$HoldCounter
Event: 30.410 Loading class java/util/concurrent/locks/ReentrantReadWriteLock$Sync$HoldCounter done
Event: 30.528 Loading class jdk/internal/math/FDBigInteger
Event: 30.529 Loading class jdk/internal/math/FDBigInteger done
Event: 30.571 Loading class java/util/concurrent/locks/AbstractQueuedSynchronizer$ExclusiveNode
Event: 30.571 Loading class java/util/concurrent/locks/AbstractQueuedSynchronizer$ExclusiveNode done
Event: 31.009 Loading class java/util/concurrent/ConcurrentLinkedQueue$Itr
Event: 31.009 Loading class java/util/concurrent/ConcurrentLinkedQueue$Itr done
Event: 36.253 Loading class java/lang/Character$UnicodeBlock
Event: 36.255 Loading class java/lang/Character$Subset
Event: 36.255 Loading class java/lang/Character$Subset done
Event: 36.255 Loading class java/lang/Character$UnicodeBlock done
Event: 39.621 Loading class java/util/function/IntBinaryOperator
Event: 39.623 Loading class java/util/function/IntBinaryOperator done

Classes unloaded (0 events):
No events

Classes redefined (0 events):
No events

Internal exceptions (20 events):
Event: 27.398 Thread 0x0000020bf3950380 Exception <a 'java/lang/NoSuchMethodError'{0x0000000086445c20}: 'java.lang.Object java.lang.invoke.DirectMethodHandle$Holder.invokeSpecial(java.lang.Object, java.lang.Object, java.lang.Object, java.lang.Object, java.lang.Object, java.lang.Object, java.lang.Object, java.lang.Object, int)'> (0x0000000086445c20) 
thrown [s\src\hotspot\share\interpreter\linkResolver.cpp, line 759]
Event: 27.399 Thread 0x0000020bf3950380 Exception <a 'java/lang/NoSuchMethodError'{0x000000008644a6e8}: 'java.lang.Object java.lang.invoke.Invokers$Holder.linkToTargetMethod(java.lang.Object, java.lang.Object, java.lang.Object, java.lang.Object, java.lang.Object, java.lang.Object, int, java.lang.Object)'> (0x000000008644a6e8) 
thrown [s\src\hotspot\share\interpreter\linkResolver.cpp, line 759]
Event: 27.506 Thread 0x0000020bf3950380 Implicit null exception at 0x0000020b9e3f0cef to 0x0000020b9e3f0ebc
Event: 27.576 Thread 0x0000020bf3950380 Exception <a 'java/lang/NoSuchMethodError'{0x0000000089d96d60}: 'java.lang.Object java.lang.invoke.DirectMethodHandle$Holder.invokeStatic(java.lang.Object, int, int, java.lang.Object)'> (0x0000000089d96d60) 
thrown [s\src\hotspot\share\interpreter\linkResolver.cpp, line 759]
Event: 28.379 Thread 0x0000020bf3950380 Exception <a 'java/lang/NoSuchMethodError'{0x0000000089123560}: 'java.lang.Object java.lang.invoke.DirectMethodHandle$Holder.invokeStatic(java.lang.Object, java.lang.Object, int, java.lang.Object)'> (0x0000000089123560) 
thrown [s\src\hotspot\share\interpreter\linkResolver.cpp, line 759]
Event: 28.380 Thread 0x0000020bf3950380 Exception <a 'java/lang/NoSuchMethodError'{0x000000008912b4b8}: 'java.lang.Object java.lang.invoke.DirectMethodHandle$Holder.newInvokeSpecial(java.lang.Object, java.lang.Object, int, java.lang.Object)'> (0x000000008912b4b8) 
thrown [s\src\hotspot\share\interpreter\linkResolver.cpp, line 759]
Event: 28.381 Thread 0x0000020bf3950380 Exception <a 'java/lang/NoSuchMethodError'{0x000000008912fd70}: 'java.lang.Object java.lang.invoke.DirectMethodHandle$Holder.invokeSpecial(java.lang.Object, java.lang.Object, java.lang.Object, int, java.lang.Object)'> (0x000000008912fd70) 
thrown [s\src\hotspot\share\interpreter\linkResolver.cpp, line 759]
Event: 28.381 Thread 0x0000020bf3950380 Exception <a 'java/lang/NoSuchMethodError'{0x0000000089133ef8}: 'java.lang.Object java.lang.invoke.Invokers$Holder.linkToTargetMethod(java.lang.Object, int, java.lang.Object, java.lang.Object)'> (0x0000000089133ef8) 
thrown [s\src\hotspot\share\interpreter\linkResolver.cpp, line 759]
Event: 29.811 Thread 0x0000020bf3950380 Exception <a 'java/lang/NoSuchMethodError'{0x00000000891321c0}: 'java.lang.Object java.lang.invoke.DirectMethodHandle$Holder.newInvokeSpecial(java.lang.Object, int, java.lang.Object, java.lang.Object)'> (0x00000000891321c0) 
thrown [s\src\hotspot\share\interpreter\linkResolver.cpp, line 759]
Event: 29.811 Thread 0x0000020bf3950380 Exception <a 'java/lang/NoSuchMethodError'{0x00000000891367d0}: 'java.lang.Object java.lang.invoke.DirectMethodHandle$Holder.invokeSpecial(java.lang.Object, java.lang.Object, int, java.lang.Object, java.lang.Object)'> (0x00000000891367d0) 
thrown [s\src\hotspot\share\interpreter\linkResolver.cpp, line 759]
Event: 30.893 Thread 0x0000020bad311100 Exception <a 'java/lang/NoSuchMethodError'{0x0000000089e230f0}: 'java.lang.Object java.lang.invoke.DirectMethodHandle$Holder.newInvokeSpecial(java.lang.Object, java.lang.Object, java.lang.Object, java.lang.Object, long)'> (0x0000000089e230f0) 
thrown [s\src\hotspot\share\interpreter\linkResolver.cpp, line 759]
Event: 30.894 Thread 0x0000020bad311100 Exception <a 'java/lang/NoSuchMethodError'{0x0000000089e275d8}: 'java.lang.Object java.lang.invoke.DirectMethodHandle$Holder.invokeSpecial(java.lang.Object, java.lang.Object, java.lang.Object, java.lang.Object, java.lang.Object, long)'> (0x0000000089e275d8) 
thrown [s\src\hotspot\share\interpreter\linkResolver.cpp, line 759]
Event: 30.896 Thread 0x0000020bad311100 Exception <a 'java/lang/NoSuchMethodError'{0x0000000089e2afd0}: 'java.lang.Object java.lang.invoke.Invokers$Holder.linkToTargetMethod(java.lang.Object, java.lang.Object, java.lang.Object, long, java.lang.Object)'> (0x0000000089e2afd0) 
thrown [s\src\hotspot\share\interpreter\linkResolver.cpp, line 759]
Event: 34.962 Thread 0x0000020bf3950380 Exception <a 'java/lang/NoSuchMethodError'{0x000000008ed1be68}: 'java.lang.Object java.lang.invoke.DirectMethodHandle$Holder.newInvokeSpecial(java.lang.Object, java.lang.Object, java.lang.Object, java.lang.Object, int, int)'> (0x000000008ed1be68) 
thrown [s\src\hotspot\share\interpreter\linkResolver.cpp, line 759]
Event: 35.566 Thread 0x0000020bf3950380 Implicit null exception at 0x0000020b9e630dc0 to 0x0000020b9e630e51
Event: 38.611 Thread 0x0000020bf3950380 Exception <a 'java/lang/NoSuchMethodError'{0x000000008cd7ec40}: 'java.lang.Object java.lang.invoke.DirectMethodHandle$Holder.newInvokeSpecial(java.lang.Object, java.lang.Object, java.lang.Object, java.lang.Object, java.lang.Object, java.lang.Object, java.lang.Object, java.lang.Object, java.lang.Object, java.lang.Object, java.lang.Object)'> (0x000000008cd7ec40) 
thrown [s\src\hotspot\share\interpreter\linkResolver.cpp, line 759]
Event: 38.611 Thread 0x0000020bf3950380 Exception <a 'java/lang/NoSuchMethodError'{0x000000008cd9ef20}: 'java.lang.Object java.lang.invoke.DirectMethodHandle$Holder.invokeSpecial(java.lang.Object, java.lang.Object, java.lang.Object, java.lang.Object, java.lang.Object, java.lang.Object, java.lang.Object, java.lang.Object, java.lang.Object, java.lang.Object, java.lang.Object, java.lang.Object)'> (0x000000008cd9ef20) 
thrown [s\src\hotspot\share\interpreter\linkResolver.cpp, line 759]
Event: 38.612 Thread 0x0000020bf3950380 Exception <a 'java/lang/NoSuchMethodError'{0x000000008cda3828}: 'java.lang.Object java.lang.invoke.Invokers$Holder.linkToTargetMethod(java.lang.Object, java.lang.Object, java.lang.Object, java.lang.Object, java.lang.Object, java.lang.Object, java.lang.Object, java.lang.Object, java.lang.Object, java.lang.Object, java.lang.Object)'> (0x000000008cda3828) 
thrown [s\src\hotspot\share\interpreter\linkResolver.cpp, line 759]
Event: 39.633 Thread 0x0000020bf3950380 Exception <a 'java/lang/IncompatibleClassChangeError'{0x000000008c3f5858}: Found class java.lang.Object, but interface was expected> (0x000000008c3f5858) 
thrown [s\src\hotspot\share\interpreter\linkResolver.cpp, line 826]
Event: 39.634 Thread 0x0000020bf3950380 Exception <a 'java/lang/NoSuchMethodError'{0x000000008c3f8ff8}: 'int java.lang.invoke.DirectMethodHandle$Holder.invokeSpecialIFC(java.lang.Object, java.lang.Object, java.lang.Object)'> (0x000000008c3f8ff8) 
thrown [s\src\hotspot\share\interpreter\linkResolver.cpp, line 759]

VM Operations (20 events):
Event: 39.116 Executing VM operation: HandshakeAllThreads
Event: 39.116 Executing VM operation: HandshakeAllThreads done
Event: 39.118 Executing VM operation: ICBufferFull
Event: 39.118 Executing VM operation: ICBufferFull done
Event: 39.627 Executing VM operation: ICBufferFull
Event: 39.627 Executing VM operation: ICBufferFull done
Event: 39.779 Executing VM operation: G1CollectForAllocation
Event: 39.793 Executing VM operation: G1CollectForAllocation done
Event: 40.289 Executing VM operation: HandshakeAllThreads
Event: 40.289 Executing VM operation: HandshakeAllThreads done
Event: 40.969 Executing VM operation: ICBufferFull
Event: 40.969 Executing VM operation: ICBufferFull done
Event: 41.430 Executing VM operation: ICBufferFull
Event: 41.430 Executing VM operation: ICBufferFull done
Event: 42.446 Executing VM operation: Cleanup
Event: 42.572 Executing VM operation: Cleanup done
Event: 43.584 Executing VM operation: Cleanup
Event: 43.584 Executing VM operation: Cleanup done
Event: 44.596 Executing VM operation: Cleanup
Event: 44.596 Executing VM operation: Cleanup done

Memory protections (0 events):
No events

Nmethod flushes (20 events):
Event: 32.703 Thread 0x0000020bad13a7e0 flushing  nmethod 0x0000020b977b8c10
Event: 32.703 Thread 0x0000020bad13a7e0 flushing  nmethod 0x0000020b977bcb90
Event: 32.703 Thread 0x0000020bad13a7e0 flushing  nmethod 0x0000020b9785e810
Event: 32.704 Thread 0x0000020bad13a7e0 flushing  nmethod 0x0000020b9789e390
Event: 32.704 Thread 0x0000020bad13a7e0 flushing  nmethod 0x0000020b978a7390
Event: 32.705 Thread 0x0000020bad13a7e0 flushing  nmethod 0x0000020b97948510
Event: 32.705 Thread 0x0000020bad13a7e0 flushing  nmethod 0x0000020b97994290
Event: 32.706 Thread 0x0000020bad13a7e0 flushing  nmethod 0x0000020b97a07790
Event: 32.706 Thread 0x0000020bad13a7e0 flushing  nmethod 0x0000020b97a6ae90
Event: 32.706 Thread 0x0000020bad13a7e0 flushing  nmethod 0x0000020b97a91c10
Event: 32.706 Thread 0x0000020bad13a7e0 flushing  nmethod 0x0000020b97a94790
Event: 32.707 Thread 0x0000020bad13a7e0 flushing  nmethod 0x0000020b97ae4e90
Event: 32.708 Thread 0x0000020bad13a7e0 flushing  nmethod 0x0000020b97b33d10
Event: 32.708 Thread 0x0000020bad13a7e0 flushing  nmethod 0x0000020b97b45090
Event: 32.708 Thread 0x0000020bad13a7e0 flushing  nmethod 0x0000020b97b53810
Event: 32.709 Thread 0x0000020bad13a7e0 flushing  nmethod 0x0000020b97b74510
Event: 32.709 Thread 0x0000020bad13a7e0 flushing  nmethod 0x0000020b97b78590
Event: 32.709 Thread 0x0000020bad13a7e0 flushing  nmethod 0x0000020b97b98d10
Event: 39.109 Thread 0x0000020bad13a7e0 flushing  nmethod 0x0000020b97136890
Event: 39.117 Thread 0x0000020bad13a7e0 flushing  nmethod 0x0000020b97402210

Events (20 events):
Event: 8.436 Thread 0x0000020bf3ef0110 Thread exited: 0x0000020bf3ef0110
Event: 8.820 Thread 0x0000020bf3c66ec0 Thread added: 0x0000020bfc42a1a0
Event: 8.896 Thread 0x0000020bad0c3df0 Thread added: 0x0000020bf3cf6200
Event: 9.005 Thread 0x0000020bf3cf6200 Thread exited: 0x0000020bf3cf6200
Event: 11.979 Thread 0x0000020bad0c11a0 Thread added: 0x0000020bfbfd8630
Event: 12.843 Thread 0x0000020bfbfd8630 Thread exited: 0x0000020bfbfd8630
Event: 13.581 Thread 0x0000020bfc42a1a0 Thread added: 0x0000020bfc0b13b0
Event: 14.471 Thread 0x0000020bfc42a1a0 Thread added: 0x0000020bf3950380
Event: 15.998 Thread 0x0000020bad0c3df0 Thread added: 0x0000020bf3a75510
Event: 16.969 Thread 0x0000020bf3a75510 Thread exited: 0x0000020bf3a75510
Event: 22.964 Thread 0x0000020bad0c3df0 Thread added: 0x0000020bad570e30
Event: 23.086 Thread 0x0000020bad0c3df0 Thread added: 0x0000020bf379b750
Event: 24.053 Thread 0x0000020bf379b750 Thread exited: 0x0000020bf379b750
Event: 24.136 Thread 0x0000020bad570e30 Thread exited: 0x0000020bad570e30
Event: 24.507 Thread 0x0000020bad0c3df0 Thread added: 0x0000020bfd5ed550
Event: 25.125 Thread 0x0000020bfd5ed550 Thread exited: 0x0000020bfd5ed550
Event: 25.217 Thread 0x0000020bad0c3df0 Thread added: 0x0000020bfd5ed550
Event: 29.930 Thread 0x0000020bf3950380 Thread added: 0x0000020bad311100
Event: 34.533 Thread 0x0000020bfd5ed550 Thread exited: 0x0000020bfd5ed550
Event: 34.832 Thread 0x0000020bad0c3df0 Thread added: 0x0000020bad1c41c0


Dynamic libraries:
0x00007ff69c5c0000 - 0x00007ff69c5ce000 	C:\Program Files\Microsoft\jdk-17.0.19.10-hotspot\bin\java.exe
0x00007ffa8e340000 - 0x00007ffa8e5a6000 	C:\WINDOWS\SYSTEM32\ntdll.dll
0x00007ffa8d5e0000 - 0x00007ffa8d6a9000 	C:\WINDOWS\System32\KERNEL32.DLL
0x00007ffa8b5d0000 - 0x00007ffa8b9ca000 	C:\WINDOWS\System32\KERNELBASE.dll
0x00007ffa87680000 - 0x00007ffa87720000 	C:\WINDOWS\SYSTEM32\apphelp.dll
0x00007ffa8b9d0000 - 0x00007ffa8bb1c000 	C:\WINDOWS\System32\ucrtbase.dll
0x00007ffa6d090000 - 0x00007ffa6d0a8000 	C:\Program Files\Microsoft\jdk-17.0.19.10-hotspot\bin\jli.dll
0x00007ffa8c980000 - 0x00007ffa8cb47000 	C:\WINDOWS\System32\USER32.dll
0x00007ffa8bca0000 - 0x00007ffa8bcc7000 	C:\WINDOWS\System32\win32u.dll
0x00007ffa8d5b0000 - 0x00007ffa8d5db000 	C:\WINDOWS\System32\GDI32.dll
0x00007ffa8be40000 - 0x00007ffa8bf6b000 	C:\WINDOWS\System32\gdi32full.dll
0x00007ffa8bcd0000 - 0x00007ffa8bd73000 	C:\WINDOWS\System32\msvcp_win.dll
0x00007ffa6d020000 - 0x00007ffa6d03e000 	C:\Program Files\Microsoft\jdk-17.0.19.10-hotspot\bin\VCRUNTIME140.dll
0x00007ffa75f60000 - 0x00007ffa761f2000 	C:\WINDOWS\WinSxS\amd64_microsoft.windows.common-controls_6595b64144ccf1df_6.0.26100.8521_none_3e08b75ce33403b3\COMCTL32.dll
0x00007ffa8da10000 - 0x00007ffa8dab9000 	C:\WINDOWS\System32\msvcrt.dll
0x00007ffa8d950000 - 0x00007ffa8d982000 	C:\WINDOWS\System32\IMM32.DLL
0x00007ffa87520000 - 0x00007ffa8752c000 	C:\Program Files\Microsoft\jdk-17.0.19.10-hotspot\bin\vcruntime140_1.dll
0x00007ffa4e760000 - 0x00007ffa4e7e9000 	C:\Program Files\Microsoft\jdk-17.0.19.10-hotspot\bin\msvcp140.dll
0x00007ffa056d0000 - 0x00007ffa0634b000 	C:\Program Files\Microsoft\jdk-17.0.19.10-hotspot\bin\server\jvm.dll
0x00007ffa8d4e0000 - 0x00007ffa8d596000 	C:\WINDOWS\System32\ADVAPI32.dll
0x00007ffa8dac0000 - 0x00007ffa8db6a000 	C:\WINDOWS\System32\sechost.dll
0x00007ffa8d820000 - 0x00007ffa8d938000 	C:\WINDOWS\System32\RPCRT4.dll
0x00007ffa8cb50000 - 0x00007ffa8cbd0000 	C:\WINDOWS\System32\WS2_32.dll
0x00007ffa8b430000 - 0x00007ffa8b48e000 	C:\WINDOWS\SYSTEM32\POWRPROF.dll
0x00007ffa78600000 - 0x00007ffa78636000 	C:\WINDOWS\SYSTEM32\WINMM.dll
0x00007ffa7c810000 - 0x00007ffa7c81b000 	C:\WINDOWS\SYSTEM32\VERSION.dll
0x00007ffa8b410000 - 0x00007ffa8b424000 	C:\WINDOWS\SYSTEM32\UMPDC.dll
0x00007ffa8a320000 - 0x00007ffa8a33b000 	C:\WINDOWS\SYSTEM32\kernel.appcore.dll
0x00007ffa861c0000 - 0x00007ffa861ca000 	C:\Program Files\Microsoft\jdk-17.0.19.10-hotspot\bin\jimage.dll
0x00007ffa88990000 - 0x00007ffa88bd2000 	C:\WINDOWS\SYSTEM32\DBGHELP.DLL
0x00007ffa8cdf0000 - 0x00007ffa8d173000 	C:\WINDOWS\System32\combase.dll
0x00007ffa8c6c0000 - 0x00007ffa8c799000 	C:\WINDOWS\System32\OLEAUT32.dll
0x00007ffa5f430000 - 0x00007ffa5f46b000 	C:\WINDOWS\SYSTEM32\dbgcore.DLL
0x00007ffa8bf70000 - 0x00007ffa8c018000 	C:\WINDOWS\System32\bcryptPrimitives.dll
0x00007ffa60490000 - 0x00007ffa604b6000 	C:\Program Files\Microsoft\jdk-17.0.19.10-hotspot\bin\java.dll
0x00007ffa31a20000 - 0x00007ffa31af6000 	C:\Program Files\Microsoft\jdk-17.0.19.10-hotspot\bin\jsvml.dll
0x00007ffa8db70000 - 0x00007ffa8e2f4000 	C:\WINDOWS\System32\SHELL32.dll
0x00007ffa89170000 - 0x00007ffa899f0000 	C:\WINDOWS\SYSTEM32\windows.storage.dll
0x00007ffa8cc70000 - 0x00007ffa8cd66000 	C:\WINDOWS\System32\SHCORE.dll
0x00007ffa8d7b0000 - 0x00007ffa8d817000 	C:\WINDOWS\System32\shlwapi.dll
0x00007ffa8b4f0000 - 0x00007ffa8b519000 	C:\WINDOWS\SYSTEM32\profapi.dll
0x00007ffa60310000 - 0x00007ffa6032b000 	C:\Program Files\Microsoft\jdk-17.0.19.10-hotspot\bin\net.dll
0x00007ffa80e20000 - 0x00007ffa80f49000 	C:\WINDOWS\SYSTEM32\WINHTTP.dll
0x00007ffa8a870000 - 0x00007ffa8a8dc000 	C:\WINDOWS\system32\mswsock.dll
0x00007ffa601e0000 - 0x00007ffa601f6000 	C:\Program Files\Microsoft\jdk-17.0.19.10-hotspot\bin\nio.dll
0x00007ffa60da0000 - 0x00007ffa60db8000 	C:\Program Files\Microsoft\jdk-17.0.19.10-hotspot\bin\zip.dll
0x00007ffa8ac70000 - 0x00007ffa8ac8b000 	C:\WINDOWS\SYSTEM32\CRYPTSP.dll
0x00007ffa8a280000 - 0x00007ffa8a2b9000 	C:\WINDOWS\system32\rsaenh.dll
0x00007ffa8a920000 - 0x00007ffa8a953000 	C:\WINDOWS\SYSTEM32\USERENV.dll
0x00007ffa8b4c0000 - 0x00007ffa8b4ea000 	C:\WINDOWS\SYSTEM32\bcrypt.dll
0x00007ffa8aad0000 - 0x00007ffa8aadc000 	C:\WINDOWS\SYSTEM32\CRYPTBASE.dll
0x00007ffa89d00000 - 0x00007ffa89d33000 	C:\WINDOWS\SYSTEM32\IPHLPAPI.DLL
0x00007ffa8d7a0000 - 0x00007ffa8d7aa000 	C:\WINDOWS\System32\NSI.dll
0x00007ffa814c0000 - 0x00007ffa814dd000 	C:\WINDOWS\SYSTEM32\dhcpcsvc6.DLL
0x00007ffa7d940000 - 0x00007ffa7d965000 	C:\WINDOWS\SYSTEM32\dhcpcsvc.DLL
0x00007ffa89d40000 - 0x00007ffa89e8a000 	C:\WINDOWS\SYSTEM32\DNSAPI.dll
0x00007ffa8a690000 - 0x00007ffa8a69d000 	C:\WINDOWS\SYSTEM32\DSPARSE.dll
0x00007ffa84410000 - 0x00007ffa84420000 	C:\Program Files\Microsoft\jdk-17.0.19.10-hotspot\bin\verify.dll
0x00007ffa30590000 - 0x00007ffa30679000 	C:\Users\Admin\AppData\Local\Temp\sqlite-3.41.2.1-a34c4150-1fc9-4aa4-9a0e-883666b7f83c-sqlitejdbc.dll

dbghelp: loaded successfully - version: 4.0.5 - missing functions: none
symbol engine: initialized successfully - sym options: 0x614 - pdb path: .;C:\Program Files\Microsoft\jdk-17.0.19.10-hotspot\bin;C:\WINDOWS\SYSTEM32;C:\WINDOWS\WinSxS\amd64_microsoft.windows.common-controls_6595b64144ccf1df_6.0.26100.8521_none_3e08b75ce33403b3;C:\Program Files\Microsoft\jdk-17.0.19.10-hotspot\bin\server;C:\Users\Admin\AppData\Local\Temp

VM Arguments:
jvm_args: -DkotlinLanguageServer.version=1.3.13 
java_command: org.javacs.kt.MainKt
java_class_path (initial): c:\Users\Admin\AppData\Roaming\Code\User\globalStorage\fwcd.kotlin\langServerInstall\server\lib\server-1.3.13.jar;c:\Users\Admin\AppData\Roaming\Code\User\globalStorage\fwcd.kotlin\langServerInstall\server\lib\shared-1.3.13.jar;c:\Users\Admin\AppData\Roaming\Code\User\globalStorage\fwcd.kotlin\langServerInstall\server\lib\kotlin-scripting-jvm-host-unshaded-2.1.0.jar;c:\Users\Admin\AppData\Roaming\Code\User\globalStorage\fwcd.kotlin\langServerInstall\server\lib\kotlin-scripting-compiler-2.1.0.jar;c:\Users\Admin\AppData\Roaming\Code\User\globalStorage\fwcd.kotlin\langServerInstall\server\lib\ktfmt-b5d31d1.jar;c:\Users\Admin\AppData\Roaming\Code\User\globalStorage\fwcd.kotlin\langServerInstall\server\lib\kotlin-compiler-2.1.0.jar;c:\Users\Admin\AppData\Roaming\Code\User\globalStorage\fwcd.kotlin\langServerInstall\server\lib\exposed-dao-0.37.3.jar;c:\Users\Admin\AppData\Roaming\Code\User\globalStorage\fwcd.kotlin\langServerInstall\server\lib\exposed-jdbc-0.37.3.jar;c:\Users\Admin\AppData\Roaming\Code\User\globalStorage\fwcd.kotlin\langServerInstall\server\lib\exposed-core-0.37.3.jar;c:\Users\Admin\AppData\Roaming\Code\User\globalStorage\fwcd.kotlin\langServerInstall\server\lib\kotlin-scripting-compiler-impl-2.1.0.jar;c:\Users\Admin\AppData\Roaming\Code\User\globalStorage\fwcd.kotlin\langServerInstall\server\lib\kotlin-reflect-2.1.0.jar;c:\Users\Admin\AppData\Roaming\Code\User\globalStorage\fwcd.kotlin\langServerInstall\server\lib\kotlin-scripting-jvm-2.1.0.jar;c:\Users\Admin\AppData\Roaming\Code\User\globalStorage\fwcd.kotlin\langServerInstall\server\lib\kotlin-scripting-common-2.1.0.jar;c:\Users\Admin\AppData\Roaming\Code\User\globalStorage\fwcd.kotlin\langServerInstall\server\lib\kotlinx-coroutines-core-jvm-1.6.4.jar;c:\Users\Admin\AppData\Roaming\Code\User\globalStorage\fwcd.kotlin\langServerInstall\server\lib\kotlin-stdlib-jdk8-2.1.0.jar;c:\Users\Admin\AppData\Roaming\Code\User\globalStorage\fwcd.kotlin\langServerInstall\server\lib\kotli
Launcher Type: SUN_STANDARD

[Global flags]
     intx CICompilerCount                          = 4                                         {product} {ergonomic}
     uint ConcGCThreads                            = 2                                         {product} {ergonomic}
     uint G1ConcRefinementThreads                  = 8                                         {product} {ergonomic}
   size_t G1HeapRegionSize                         = 1048576                                   {product} {ergonomic}
    uintx GCDrainStackTargetSize                   = 64                                        {product} {ergonomic}
   size_t InitialHeapSize                          = 132120576                                 {product} {ergonomic}
   size_t MarkStackSize                            = 4194304                                   {product} {ergonomic}
   size_t MaxHeapSize                              = 2105540608                                {product} {ergonomic}
   size_t MaxNewSize                               = 1262485504                                {product} {ergonomic}
   size_t MinHeapDeltaBytes                        = 1048576                                   {product} {ergonomic}
   size_t MinHeapSize                              = 8388608                                   {product} {ergonomic}
    uintx NonNMethodCodeHeapSize                   = 5839372                                {pd product} {ergonomic}
    uintx NonProfiledCodeHeapSize                  = 122909434                              {pd product} {ergonomic}
    uintx ProfiledCodeHeapSize                     = 122909434                              {pd product} {ergonomic}
    uintx ReservedCodeCacheSize                    = 251658240                              {pd product} {ergonomic}
     bool SegmentedCodeCache                       = true                                      {product} {ergonomic}
   size_t SoftMaxHeapSize                          = 2105540608                             {manageable} {ergonomic}
     bool UseCompressedClassPointers               = true                           {product lp64_product} {ergonomic}
     bool UseCompressedOops                        = true                           {product lp64_product} {ergonomic}
     bool UseG1GC                                  = true                                      {product} {ergonomic}
     bool UseLargePagesIndividualAllocation        = false                                  {pd product} {ergonomic}

Logging:
Log output configuration:
 #0: stdout all=warning uptime,level,tags
 #1: stderr all=off uptime,level,tags

Environment Variables:
JAVA_HOME=C:\Program Files\Microsoft\jdk-17.0.19.10-hotspot
CLASSPATH=c:\Users\Admin\AppData\Roaming\Code\User\globalStorage\fwcd.kotlin\langServerInstall\server\lib\server-1.3.13.jar;c:\Users\Admin\AppData\Roaming\Code\User\globalStorage\fwcd.kotlin\langServerInstall\server\lib\shared-1.3.13.jar;c:\Users\Admin\AppData\Roaming\Code\User\globalStorage\fwcd.kotlin\langServerInstall\server\lib\kotlin-scripting-jvm-host-unshaded-2.1.0.jar;c:\Users\Admin\AppData\Roaming\Code\User\globalStorage\fwcd.kotlin\langServerInstall\server\lib\kotlin-scripting-compiler-2.1.0.jar;c:\Users\Admin\AppData\Roaming\Code\User\globalStorage\fwcd.kotlin\langServerInstall\server\lib\ktfmt-b5d31d1.jar;c:\Users\Admin\AppData\Roaming\Code\User\globalStorage\fwcd.kotlin\langServerInstall\server\lib\kotlin-compiler-2.1.0.jar;c:\Users\Admin\AppData\Roaming\Code\User\globalStorage\fwcd.kotlin\langServerInstall\server\lib\exposed-dao-0.37.3.jar;c:\Users\Admin\AppData\Roaming\Code\User\globalStorage\fwcd.kotlin\langServerInstall\server\lib\exposed-jdbc-0.37.3.jar;c:\Users\Admin\AppData\Roaming\Code\User\globalStorage\fwcd.kotlin\langServerInstall\server\lib\exposed-core-0.37.3.jar;c:\Users\Admin\AppData\Roaming\Code\User\globalStorage\fwcd.kotlin\langServerInstall\server\lib\kotlin-scripting-compiler-impl-2.1.0.jar;c:\Users\Admin\AppData\Roaming\Code\User\globalStorage\fwcd.kotlin\langServerInstall\server\lib\kotlin-reflect-2.1.0.jar;c:\Users\Admin\AppData\Roaming\Code\User\globalStorage\fwcd.kotlin\langServerInstall\server\lib\kotlin-scripting-jvm-2.1.0.jar;c:\Users\Admin\AppData\Roaming\Code\User\globalStorage\fwcd.kotlin\langServerInstall\server\lib\kotlin-scripting-common-2.1.0.jar;c:\Users\Admin\AppData\Roaming\Code\User\globalStorage\fwcd.kotlin\langServerInstall\server\lib\kotlinx-coroutines-core-jvm-1.6.4.jar;c:\Users\Admin\AppData\Roaming\Code\User\globalStorage\fwcd.kotlin\langServerInstall\server\lib\kotlin-stdlib-jdk8-2.1.0.jar;c:\Users\Admin\AppData\Roaming\Code\User\globalStorage\fwcd.kotlin\langServerInstall\server\lib\kotlin-stdlib-jdk7-2.1.0.jar;c:\Users\Admin\AppData\Roaming\Code\User\globalStorage\fwcd.kotlin\langServerInstall\server\lib\kotlin-stdlib-2.1.0.jar;c:\Users\Admin\AppData\Roaming\Code\User\globalStorage\fwcd.kotlin\langServerInstall\server\lib\org.eclipse.lsp4j-0.21.2.jar;c:\Users\Admin\AppData\Roaming\Code\User\globalStorage\fwcd.kotlin\langServerInstall\server\lib\org.eclipse.lsp4j.jsonrpc-0.21.2.jar;c:\Users\Admin\AppData\Roaming\Code\User\globalStorage\fwcd.kotlin\langServerInstall\server\lib\kotlin-sam-with-receiver-compiler-plugin-2.1.0.jar;c:\Users\Admin\AppData\Roaming\Code\User\globalStorage\fwcd.kotlin\langServerInstall\server\lib\fernflower-1.0.jar;c:\Users\Admin\AppData\Roaming\Code\User\globalStorage\fwcd.kotlin\langServerInstall\server\lib\h2-1.4.200.jar;c:\Users\Admin\AppData\Roaming\Code\User\globalStorage\fwcd.kotlin\langServerInstall\server\lib\jcommander-1.78.jar;c:\Users\Admin\AppData\Roaming\Code\User\globalStorage\fwcd.kotlin\langServerInstall\server\lib\sqlite-jdbc-3.41.2.1.jar;c:\Users\Admin\AppData\Roaming\Code\User\globalStorage\fwcd.kotlin\langServerInstall\server\lib\google-java-format-1.8.jar;c:\Users\Admin\AppData\Roaming\Code\User\globalStorage\fwcd.kotlin\langServerInstall\server\lib\guava-33.3.0-jre.jar;c:\Users\Admin\AppData\Roaming\Code\User\globalStorage\fwcd.kotlin\langServerInstall\server\lib\annotations-13.0.jar;c:\Users\Admin\AppData\Roaming\Code\User\globalStorage\fwcd.kotlin\langServerInstall\server\lib\gson-2.10.1.jar;c:\Users\Admin\AppData\Roaming\Code\User\globalStorage\fwcd.kotlin\langServerInstall\server\lib\kotlin-script-runtime-2.1.0.jar;c:\Users\Admin\AppData\Roaming\Code\User\globalStorage\fwcd.kotlin\langServerInstall\server\lib\trove4j-1.0.20200330.jar;c:\Users\Admin\AppData\Roaming\Code\User\globalStorage\fwcd.kotlin\langServerInstall\server\lib\jline-3.24.1.jar;c:\Users\Admin\AppData\Roaming\Code\User\globalStorage\fwcd.kotlin\langServerInstall\server\lib\slf4j-api-1.7.25.jar;c:\Users\Admin\AppData\Roaming\Code\User\globalStorage\fwcd.kotlin\langServerInstall\server\lib\jna-4.2.2.jar;c:\Users\Admin\AppData\Roaming\Code\User\globalStorage\fwcd.kotlin\langServerInstall\server\lib\failureaccess-1.0.2.jar;c:\Users\Admin\AppData\Roaming\Code\User\globalStorage\fwcd.kotlin\langServerInstall\server\lib\listenablefuture-9999.0-empty-to-avoid-conflict-with-guava.jar;c:\Users\Admin\AppData\Roaming\Code\User\globalStorage\fwcd.kotlin\langServerInstall\server\lib\jsr305-3.0.2.jar;c:\Users\Admin\AppData\Roaming\Code\User\globalStorage\fwcd.kotlin\langServerInstall\server\lib\checker-qual-3.43.0.jar;c:\Users\Admin\AppData\Roaming\Code\User\globalStorage\fwcd.kotlin\langServerInstall\server\lib\error_prone_annotations-2.28.0.jar
PATH=C:\Program Files\Microsoft\jdk-17.0.19.10-hotspot\bin;C:\Python314\Scripts\;C:\Python314\;C:\WINDOWS\system32;C:\WINDOWS;C:\WINDOWS\System32\Wbem;C:\WINDOWS\System32\WindowsPowerShell\v1.0\;C:\WINDOWS\System32\OpenSSH\;C:\Program Files\Git\cmd;C:\Program Files\nodejs\;C:\ProgramData\chocolatey\bin;D:\k6\;C:\Program Files\Go\bin;C:\Users\Admin\.local\bin;C:\Python314\Scripts\;C:\Python314\;C:\WINDOWS\system32;C:\WINDOWS;C:\WINDOWS\System32\Wbem;C:\WINDOWS\System32\WindowsPowerShell\v1.0\;C:\WINDOWS\System32\OpenSSH\;C:\Program Files\Git\cmd;C:\Program Files\nodejs\;C:\ProgramData\chocolatey\bin;D:\k6\;C:\Program Files\Go\bin;C:\Users\Admin\.cargo\bin;C:\Users\Admin\.local\bin;C:\Users\Admin\AppData\Local\Microsoft\WindowsApps;C:\Users\Admin\.bun\bin;C:\Users\Admin\AppData\Roaming\npm;C:\Users\Admin\AppData\Local\Microsoft\WinGet\Packages\Schniz.fnm_Microsoft.Winget.Source_8wekyb3d8bbwe;C:\Users\Admin\go\bin;D:\Microsoft VS Code\bin;C:\Python314\Scripts;C:\Users\Admin\AppData\Local\Programs\Antigravity IDE\bin;C:\Users\Admin\AppData\Local\Microsoft\WinGet\Packages\Gyan.FFmpeg_Microsoft.Winget.Source_8wekyb3d8bbwe\ffmpeg-8.1.2-full_build\bin;
USERNAME=Admin
OS=Windows_NT
PROCESSOR_IDENTIFIER=Intel64 Family 6 Model 142 Stepping 10, GenuineIntel
TMP=C:\Users\Admin\AppData\Local\Temp
TEMP=C:\Users\Admin\AppData\Local\Temp



Periodic native trim disabled


---------------  S Y S T E M  ---------------

OS:
 Windows 11 , 64 bit Build 26100 (10.0.26100.8521)
OS uptime: 0 days 22:43 hours
Hyper-V role detected

CPU: total 8 (initial active 8) (4 cores per cpu, 2 threads per core) family 6 model 142 stepping 10 microcode 0xe0, cx8, cmov, fxsr, ht, mmx, 3dnowpref, sse, sse2, sse3, ssse3, sse4.1, sse4.2, popcnt, lzcnt, tsc, tscinvbit, avx, avx2, aes, erms, clmul, bmi1, bmi2, rtm, adx, fma, vzeroupper, clflush, clflushopt, hv
Processor Information for processor 0
  Max Mhz: 2112, Current Mhz: 1508, Mhz Limit: 1900
Processor Information for processor 1
  Max Mhz: 2112, Current Mhz: 1910, Mhz Limit: 1900
Processor Information for processor 2
  Max Mhz: 2112, Current Mhz: 1910, Mhz Limit: 1900
Processor Information for processor 3
  Max Mhz: 2112, Current Mhz: 1910, Mhz Limit: 1900
Processor Information for processor 4
  Max Mhz: 2112, Current Mhz: 1508, Mhz Limit: 1900
Processor Information for processor 5
  Max Mhz: 2112, Current Mhz: 1910, Mhz Limit: 1900
Processor Information for processor 6
  Max Mhz: 2112, Current Mhz: 1508, Mhz Limit: 1900
Processor Information for processor 7
  Max Mhz: 2112, Current Mhz: 1508, Mhz Limit: 1900

Memory: 4k page, system-wide physical 8030M (2239M free)
TotalPageFile size 20878M (AvailPageFile size 2654M)
current process WorkingSet (physical memory assigned to process): 410M, peak: 460M
current process commit charge ("private bytes"): 488M, peak: 529M

vm_info: OpenJDK 64-Bit Server VM (17.0.19+10-LTS) for windows-amd64 JRE (17.0.19+10-LTS), built on Apr 18 2026 18:24:40 by "MicrosoftCorporation" with MS VC++ 17.14 (VS2022)

END.
